Using pre-set license
Built from '2020.3/staging' branch; Version is '2020.3.18f1 (a7d1c678663c) revision 10998214'; Using compiler version '192528614'; Build Type 'Release'
OS: 'Windows 10 Education; OS build 19042.928; Version 2009; 64bit' Language: 'sv' Physical Memory: 16064 MB
BatchMode: 1, IsHumanControllingUs: 0, StartBugReporterOnCrash: 0, Is64bit: 1, IsPro: 0

COMMAND LINE ARGUMENTS:
C:\Program Files\Unity\Hub\Editor\2020.3.18f1\Editor\Unity.exe
-adb2
-batchMode
-noUpm
-name
AssetImportWorker4
-projectPath
C:/Users/otis.hildebrand/Documents/GitHub/Spelprojekt_TURRET-H
-logFile
Logs/AssetImportWorker4.log
-srvPort
58621
Successfully changed project path to: C:/Users/otis.hildebrand/Documents/GitHub/Spelprojekt_TURRET-H
C:/Users/otis.hildebrand/Documents/GitHub/Spelprojekt_TURRET-H
Using Asset Import Pipeline V2.
Refreshing native plugins compatible for Editor in 362.88 ms, found 3 plugins.
Preloading 0 native plugins for Editor in 0.00 ms.
Initialize engine version: 2020.3.18f1 (a7d1c678663c)
[Subsystems] Discovering subsystems at path C:/Program Files/Unity/Hub/Editor/2020.3.18f1/Editor/Data/Resources/UnitySubsystems
[Subsystems] Discovering subsystems at path C:/Users/otis.hildebrand/Documents/GitHub/Spelprojekt_TURRET-H/Assets
GfxDevice: creating device client; threaded=0
Direct3D:
    Version:  Direct3D 11.0 [level 11.1]
    Renderer: NVIDIA GeForce MX450 (ID=0x1f97)
    Vendor:   
    VRAM:     1928 MB
    Driver:   30.0.14.9649
Initialize mono
Mono path[0] = 'C:/Program Files/Unity/Hub/Editor/2020.3.18f1/Editor/Data/Managed'
Mono path[1] = 'C:/Program Files/Unity/Hub/Editor/2020.3.18f1/Editor/Data/MonoBleedingEdge/lib/mono/unityjit'
Mono config path = 'C:/Program Files/Unity/Hub/Editor/2020.3.18f1/Editor/Data/MonoBleedingEdge/etc'
Using monoOptions --debugger-agent=transport=dt_socket,embedding=1,server=y,suspend=n,address=127.0.0.1:56976
Begin MonoManager ReloadAssembly
Registering precompiled unity dll's ...
Register platform support module: C:/Program Files/Unity/Hub/Editor/2020.3.18f1/Editor/Data/PlaybackEngines/WindowsStandaloneSupport/UnityEditor.WindowsStandalone.Extensions.dll
Registered in 0.012287 seconds.
Native extension for WindowsStandalone target not found
Refreshing native plugins compatible for Editor in 367.14 ms, found 3 plugins.
Preloading 0 native plugins for Editor in 0.00 ms.
Mono: successfully reloaded assembly
- Completed reload, in 14.055 seconds
Domain Reload Profiling:
	ReloadAssembly (14056ms)
		BeginReloadAssembly (413ms)
			ExecutionOrderSort (0ms)
			DisableScriptedObjects (0ms)
			BackupInstance (0ms)
			ReleaseScriptingObjects (0ms)
			CreateAndSetChildDomain (4ms)
		EndReloadAssembly (3291ms)
			LoadAssemblies (400ms)
			RebuildTransferFunctionScriptingTraits (1ms)
			SetupTypeCache (1124ms)
			ReleaseScriptCaches (0ms)
			RebuildScriptCaches (263ms)
			SetupLoadedEditorAssemblies (1358ms)
				LogAssemblyErrors (0ms)
				InitializePlatformSupportModulesInManaged (35ms)
				SetLoadedEditorAssemblies (3ms)
				RefreshPlugins (367ms)
				BeforeProcessingInitializeOnLoad (134ms)
				ProcessInitializeOnLoadAttributes (619ms)
				ProcessInitializeOnLoadMethodAttributes (197ms)
				AfterProcessingInitializeOnLoad (0ms)
				EditorAssembliesLoaded (2ms)
			ExecutionOrderSort2 (0ms)
			AwakeInstancesAfterBackupRestoration (0ms)
Platform modules already initialized, skipping
Registering precompiled user dll's ...
Registered in 0.020023 seconds.
Begin MonoManager ReloadAssembly
Native extension for WindowsStandalone target not found
Refreshing native plugins compatible for Editor in 309.07 ms, found 3 plugins.
Preloading 0 native plugins for Editor in 0.00 ms.
Mono: successfully reloaded assembly
- Completed reload, in  8.076 seconds
Domain Reload Profiling:
	ReloadAssembly (8082ms)
		BeginReloadAssembly (991ms)
			ExecutionOrderSort (0ms)
			DisableScriptedObjects (32ms)
			BackupInstance (0ms)
			ReleaseScriptingObjects (0ms)
			CreateAndSetChildDomain (99ms)
		EndReloadAssembly (6597ms)
			LoadAssemblies (593ms)
			RebuildTransferFunctionScriptingTraits (0ms)
			SetupTypeCache (2084ms)
			ReleaseScriptCaches (3ms)
			RebuildScriptCaches (364ms)
			SetupLoadedEditorAssemblies (2593ms)
				LogAssemblyErrors (0ms)
				InitializePlatformSupportModulesInManaged (28ms)
				SetLoadedEditorAssemblies (1ms)
				RefreshPlugins (310ms)
				BeforeProcessingInitializeOnLoad (619ms)
				ProcessInitializeOnLoadAttributes (1509ms)
				ProcessInitializeOnLoadMethodAttributes (92ms)
				AfterProcessingInitializeOnLoad (33ms)
				EditorAssembliesLoaded (1ms)
			ExecutionOrderSort2 (0ms)
			AwakeInstancesAfterBackupRestoration (49ms)
Platform modules already initialized, skipping
========================================================================
Worker process is ready to serve import requests
Launched and connected shader compiler UnityShaderCompiler.exe after 0.32 seconds
Refreshing native plugins compatible for Editor in 2.15 ms, found 3 plugins.
Preloading 0 native plugins for Editor in 0.00 ms.
Unloading 2114 Unused Serialized files (Serialized files now loaded: 0)
System memory in use before: 95.7 MB.
System memory in use after: 95.8 MB.

Unloading 26 unused Assets to reduce memory usage. Loaded Objects now: 2555.
Total: 22.480200 ms (FindLiveObjects: 0.776200 ms CreateObjectMapping: 0.332600 ms MarkObjects: 20.918400 ms  DeleteObjects: 0.445200 ms)

AssetImportParameters requested are different than current active one (requested -> active):
  custom:framework-win-MediaFoundation: 216162199b28c13a410421893ffa2e32 -> 
  custom:video-decoder-ogg-theora: a1e56fd34408186e4bbccfd4996cb3dc -> 
  custom:container-muxer-webm: aa71ff27fc2769a1b78a27578f13a17b -> 
  custom:container-demuxer-webm: 4f35f7cbe854078d1ac9338744f61a02 -> 
  custom:container-demuxer-ogg: 62fdf1f143b41e24485cea50d1cbac27 -> 
  custom:video-encoder-webm-vp8: eb34c28f22e8b96e1ab97ce403110664 -> 
  custom:video-decoder-webm-vp8: 9c59270c3fd7afecdb556c50c9e8de78 -> 
  custom:audio-decoder-ogg-vorbis: bf7c407c2cedff20999df2af8eb42d56 -> 
  custom:audio-encoder-webm-vorbis: bf7c407c2cedff20999df2af8eb42d56 -> 
========================================================================
Received Import Request.
  path: Assets/Prefabs/Win.prefab
  artifactKey: Guid(e77d4eb5aaaa8dd4c90dfab472f44b40) Importer(815301076,1909f56bfc062723c751e8b465ee728b)
Start importing Assets/Prefabs/Win.prefab using Guid(e77d4eb5aaaa8dd4c90dfab472f44b40) Importer(815301076,1909f56bfc062723c751e8b465ee728b)  -> (artifact id: 'a761a43c1ca96a485c272ddb76ad3718') in 0.772647 seconds 
  Import took 0.798343 seconds .

========================================================================
Received Import Request.
  Time since last request: 11.357636 seconds.
  path: Assets/Prefabs/Win.prefab
  artifactKey: Guid(e77d4eb5aaaa8dd4c90dfab472f44b40) Importer(815301076,1909f56bfc062723c751e8b465ee728b)
Start importing Assets/Prefabs/Win.prefab using Guid(e77d4eb5aaaa8dd4c90dfab472f44b40) Importer(815301076,1909f56bfc062723c751e8b465ee728b)  -> (artifact id: '81bd3469db92cc18d18b1a3c9ce907a4') in 0.193790 seconds 
  Import took 0.218916 seconds .

========================================================================
Received Import Request.
  Time since last request: 5.322680 seconds.
  path: Assets/Prefabs/Win.prefab
  artifactKey: Guid(e77d4eb5aaaa8dd4c90dfab472f44b40) Importer(815301076,1909f56bfc062723c751e8b465ee728b)
Start importing Assets/Prefabs/Win.prefab using Guid(e77d4eb5aaaa8dd4c90dfab472f44b40) Importer(815301076,1909f56bfc062723c751e8b465ee728b)  -> (artifact id: 'd72f3590c15d932d769e72526a06f7fe') in 0.209975 seconds 
  Import took 0.238131 seconds .

========================================================================
Received Import Request.
  Time since last request: 0.066863 seconds.
  path: Assets/Prefabs/Win.prefab
  artifactKey: Guid(e77d4eb5aaaa8dd4c90dfab472f44b40) Importer(815301076,1909f56bfc062723c751e8b465ee728b)
Start importing Assets/Prefabs/Win.prefab using Guid(e77d4eb5aaaa8dd4c90dfab472f44b40) Importer(815301076,1909f56bfc062723c751e8b465ee728b)  -> (artifact id: 'd72f3590c15d932d769e72526a06f7fe') in 0.196932 seconds 
  Import took 0.220590 seconds .

========================================================================
Received Import Request.
  Time since last request: 26.694259 seconds.
  path: Assets/Prefabs/Win.prefab
  artifactKey: Guid(e77d4eb5aaaa8dd4c90dfab472f44b40) Importer(815301076,1909f56bfc062723c751e8b465ee728b)
Start importing Assets/Prefabs/Win.prefab using Guid(e77d4eb5aaaa8dd4c90dfab472f44b40) Importer(815301076,1909f56bfc062723c751e8b465ee728b)  -> (artifact id: 'bd390821611ef3459788f3f28f5b789b') in 0.272221 seconds 
  Import took 0.308372 seconds .

========================================================================
Received Import Request.
  Time since last request: 1.491241 seconds.
  path: Assets/Prefabs/Win.prefab
  artifactKey: Guid(e77d4eb5aaaa8dd4c90dfab472f44b40) Importer(815301076,1909f56bfc062723c751e8b465ee728b)
Start importing Assets/Prefabs/Win.prefab using Guid(e77d4eb5aaaa8dd4c90dfab472f44b40) Importer(815301076,1909f56bfc062723c751e8b465ee728b)  -> (artifact id: 'c8b4b3bcc3f72924d0f3497d50c183b3') in 0.197935 seconds 
  Import took 0.221513 seconds .

========================================================================
Received Import Request.
  Time since last request: 3.223877 seconds.
  path: Assets/Prefabs/Win.prefab
  artifactKey: Guid(e77d4eb5aaaa8dd4c90dfab472f44b40) Importer(815301076,1909f56bfc062723c751e8b465ee728b)
Start importing Assets/Prefabs/Win.prefab using Guid(e77d4eb5aaaa8dd4c90dfab472f44b40) Importer(815301076,1909f56bfc062723c751e8b465ee728b)  -> (artifact id: '45c10868b18537f6b87db3e21e2b500e') in 0.171843 seconds 
  Import took 0.195847 seconds .

========================================================================
Received Import Request.
  Time since last request: 4.177623 seconds.
  path: Assets/Prefabs/Win.prefab
  artifactKey: Guid(e77d4eb5aaaa8dd4c90dfab472f44b40) Importer(815301076,1909f56bfc062723c751e8b465ee728b)
Start importing Assets/Prefabs/Win.prefab using Guid(e77d4eb5aaaa8dd4c90dfab472f44b40) Importer(815301076,1909f56bfc062723c751e8b465ee728b)  -> (artifact id: '06d57017f41213c19d0433729e28059a') in 0.197595 seconds 
  Import took 0.229348 seconds .

========================================================================
Received Import Request.
  Time since last request: 7.151988 seconds.
  path: Assets/Prefabs/Win.prefab
  artifactKey: Guid(e77d4eb5aaaa8dd4c90dfab472f44b40) Importer(815301076,1909f56bfc062723c751e8b465ee728b)
Start importing Assets/Prefabs/Win.prefab using Guid(e77d4eb5aaaa8dd4c90dfab472f44b40) Importer(815301076,1909f56bfc062723c751e8b465ee728b)  -> (artifact id: '1af7307273eb7c4c8dc1a8d5fc5753e0') in 0.199546 seconds 
  Import took 0.223592 seconds .

========================================================================
Received Import Request.
  Time since last request: 5.870115 seconds.
  path: Assets/Prefabs/Win.prefab
  artifactKey: Guid(e77d4eb5aaaa8dd4c90dfab472f44b40) Importer(815301076,1909f56bfc062723c751e8b465ee728b)
Start importing Assets/Prefabs/Win.prefab using Guid(e77d4eb5aaaa8dd4c90dfab472f44b40) Importer(815301076,1909f56bfc062723c751e8b465ee728b)  -> (artifact id: 'e56ce9f1364ee5311279765342575ac9') in 0.190669 seconds 
  Import took 0.226819 seconds .

========================================================================
Received Import Request.
  Time since last request: 4.513971 seconds.
  path: Assets/Prefabs/Win.prefab
  artifactKey: Guid(e77d4eb5aaaa8dd4c90dfab472f44b40) Importer(815301076,1909f56bfc062723c751e8b465ee728b)
Start importing Assets/Prefabs/Win.prefab using Guid(e77d4eb5aaaa8dd4c90dfab472f44b40) Importer(815301076,1909f56bfc062723c751e8b465ee728b)  -> (artifact id: 'b4a414daa4403708083bc517b49175ec') in 0.202618 seconds 
  Import took 0.230568 seconds .

========================================================================
Received Import Request.
  Time since last request: 14.117365 seconds.
  path: Assets/Prefabs/Win.prefab
  artifactKey: Guid(e77d4eb5aaaa8dd4c90dfab472f44b40) Importer(815301076,1909f56bfc062723c751e8b465ee728b)
Start importing Assets/Prefabs/Win.prefab using Guid(e77d4eb5aaaa8dd4c90dfab472f44b40) Importer(815301076,1909f56bfc062723c751e8b465ee728b)  -> (artifact id: '93992ee3bd561254b6e881bccd01075a') in 0.207743 seconds 
  Import took 0.236274 seconds .

========================================================================
Received Import Request.
  Time since last request: 11.431751 seconds.
  path: Assets/Prefabs/Win.prefab
  artifactKey: Guid(e77d4eb5aaaa8dd4c90dfab472f44b40) Importer(815301076,1909f56bfc062723c751e8b465ee728b)
Start importing Assets/Prefabs/Win.prefab using Guid(e77d4eb5aaaa8dd4c90dfab472f44b40) Importer(815301076,1909f56bfc062723c751e8b465ee728b)  -> (artifact id: '6a7e59b075c2e84fa88ed1bddba7188a') in 0.196992 seconds 
  Import took 0.221527 seconds .

========================================================================
Received Import Request.
  Time since last request: 13.487951 seconds.
  path: Assets/Prefabs/Win.prefab
  artifactKey: Guid(e77d4eb5aaaa8dd4c90dfab472f44b40) Importer(815301076,1909f56bfc062723c751e8b465ee728b)
Start importing Assets/Prefabs/Win.prefab using Guid(e77d4eb5aaaa8dd4c90dfab472f44b40) Importer(815301076,1909f56bfc062723c751e8b465ee728b)  -> (artifact id: 'c472dcd4cf3563c3f2381a70249db260') in 0.204402 seconds 
  Import took 0.229924 seconds .

========================================================================
Received Import Request.
  Time since last request: 12.242952 seconds.
  path: Assets/Prefabs/Win.prefab
  artifactKey: Guid(e77d4eb5aaaa8dd4c90dfab472f44b40) Importer(815301076,1909f56bfc062723c751e8b465ee728b)
Start importing Assets/Prefabs/Win.prefab using Guid(e77d4eb5aaaa8dd4c90dfab472f44b40) Importer(815301076,1909f56bfc062723c751e8b465ee728b)  -> (artifact id: 'd2a2123bf7b11d6bf7e64d67542d36f2') in 0.194076 seconds 
  Import took 0.224602 seconds .

========================================================================
Received Import Request.
  Time since last request: 8.947076 seconds.
  path: Assets/Prefabs/Win.prefab
  artifactKey: Guid(e77d4eb5aaaa8dd4c90dfab472f44b40) Importer(815301076,1909f56bfc062723c751e8b465ee728b)
Start importing Assets/Prefabs/Win.prefab using Guid(e77d4eb5aaaa8dd4c90dfab472f44b40) Importer(815301076,1909f56bfc062723c751e8b465ee728b)  -> (artifact id: '2d58b16a7db56e719951c68e8e1cb648') in 0.197139 seconds 
  Import took 0.221935 seconds .

========================================================================
Received Import Request.
  Time since last request: 3.974384 seconds.
  path: Assets/Prefabs/Win.prefab
  artifactKey: Guid(e77d4eb5aaaa8dd4c90dfab472f44b40) Importer(815301076,1909f56bfc062723c751e8b465ee728b)
Start importing Assets/Prefabs/Win.prefab using Guid(e77d4eb5aaaa8dd4c90dfab472f44b40) Importer(815301076,1909f56bfc062723c751e8b465ee728b)  -> (artifact id: '6f52a5a1fa2edb55f46526662b7a4d58') in 0.167265 seconds 
  Import took 0.190313 seconds .

========================================================================
Received Import Request.
  Time since last request: 6.001110 seconds.
  path: Assets/Prefabs/Win.prefab
  artifactKey: Guid(e77d4eb5aaaa8dd4c90dfab472f44b40) Importer(815301076,1909f56bfc062723c751e8b465ee728b)
Start importing Assets/Prefabs/Win.prefab using Guid(e77d4eb5aaaa8dd4c90dfab472f44b40) Importer(815301076,1909f56bfc062723c751e8b465ee728b)  -> (artifact id: '92e96d411b807b5d1f2cb96f1be80747') in 0.187430 seconds 
  Import took 0.211614 seconds .

========================================================================
Received Import Request.
  Time since last request: 28.243713 seconds.
  path: Assets/Prefabs/Win.prefab
  artifactKey: Guid(e77d4eb5aaaa8dd4c90dfab472f44b40) Importer(815301076,1909f56bfc062723c751e8b465ee728b)
Start importing Assets/Prefabs/Win.prefab using Guid(e77d4eb5aaaa8dd4c90dfab472f44b40) Importer(815301076,1909f56bfc062723c751e8b465ee728b)  -> (artifact id: '29f5bd70d50f5ed6100c3f239a4d83f2') in 0.205427 seconds 
  Import took 0.231434 seconds .

========================================================================
Received Import Request.
  Time since last request: 3.092932 seconds.
  path: Assets/Prefabs/Win.prefab
  artifactKey: Guid(e77d4eb5aaaa8dd4c90dfab472f44b40) Importer(815301076,1909f56bfc062723c751e8b465ee728b)
Start importing Assets/Prefabs/Win.prefab using Guid(e77d4eb5aaaa8dd4c90dfab472f44b40) Importer(815301076,1909f56bfc062723c751e8b465ee728b)  -> (artifact id: '8fcbb07c8a33f5bdb4422b9007037c20') in 0.168935 seconds 
  Import took 0.188724 seconds .

========================================================================
Received Import Request.
  Time since last request: 2.600693 seconds.
  path: Assets/Prefabs/Win.prefab
  artifactKey: Guid(e77d4eb5aaaa8dd4c90dfab472f44b40) Importer(815301076,1909f56bfc062723c751e8b465ee728b)
Start importing Assets/Prefabs/Win.prefab using Guid(e77d4eb5aaaa8dd4c90dfab472f44b40) Importer(815301076,1909f56bfc062723c751e8b465ee728b)  -> (artifact id: '521f90face5522516f0d5d25795b1f5f') in 0.171389 seconds 
  Import took 0.198322 seconds .

========================================================================
Received Import Request.
  Time since last request: 84.012600 seconds.
  path: Assets/Prefabs/Win.prefab
  artifactKey: Guid(e77d4eb5aaaa8dd4c90dfab472f44b40) Importer(815301076,1909f56bfc062723c751e8b465ee728b)
Start importing Assets/Prefabs/Win.prefab using Guid(e77d4eb5aaaa8dd4c90dfab472f44b40) Importer(815301076,1909f56bfc062723c751e8b465ee728b)  -> (artifact id: 'a82fe3caf0e9c4f2363c16320480be62') in 0.235573 seconds 
  Import took 0.270286 seconds .

========================================================================
Received Import Request.
  Time since last request: 3.906064 seconds.
  path: Assets/Prefabs/Win.prefab
  artifactKey: Guid(e77d4eb5aaaa8dd4c90dfab472f44b40) Importer(815301076,1909f56bfc062723c751e8b465ee728b)
Start importing Assets/Prefabs/Win.prefab using Guid(e77d4eb5aaaa8dd4c90dfab472f44b40) Importer(815301076,1909f56bfc062723c751e8b465ee728b)  -> (artifact id: '3d2915cca375e31e78cba0b3eae8af72') in 0.179637 seconds 
  Import took 0.202215 seconds .

========================================================================
Received Import Request.
  Time since last request: 8.291507 seconds.
  path: Assets/Prefabs/Win.prefab
  artifactKey: Guid(e77d4eb5aaaa8dd4c90dfab472f44b40) Importer(815301076,1909f56bfc062723c751e8b465ee728b)
Start importing Assets/Prefabs/Win.prefab using Guid(e77d4eb5aaaa8dd4c90dfab472f44b40) Importer(815301076,1909f56bfc062723c751e8b465ee728b)  -> (artifact id: 'c03fc731343861cea1ba3476707c9e06') in 0.271492 seconds 
  Import took 0.301663 seconds .

========================================================================
Received Import Request.
  Time since last request: 5.069208 seconds.
  path: Assets/Prefabs/Win.prefab
  artifactKey: Guid(e77d4eb5aaaa8dd4c90dfab472f44b40) Importer(815301076,1909f56bfc062723c751e8b465ee728b)
Start importing Assets/Prefabs/Win.prefab using Guid(e77d4eb5aaaa8dd4c90dfab472f44b40) Importer(815301076,1909f56bfc062723c751e8b465ee728b)  -> (artifact id: 'a4519b5e06523c4e3a18070b77e3cb97') in 0.175778 seconds 
  Import took 0.200180 seconds .

========================================================================
Received Prepare
Registering precompiled user dll's ...
Registered in 0.020375 seconds.
Begin MonoManager ReloadAssembly
Native extension for WindowsStandalone target not found
Refreshing native plugins compatible for Editor in 3.46 ms, found 3 plugins.
Preloading 0 native plugins for Editor in 0.00 ms.
Mono: successfully reloaded assembly
- Completed reload, in  8.641 seconds
Domain Reload Profiling:
	ReloadAssembly (8645ms)
		BeginReloadAssembly (951ms)
			ExecutionOrderSort (0ms)
			DisableScriptedObjects (49ms)
			BackupInstance (0ms)
			ReleaseScriptingObjects (0ms)
			CreateAndSetChildDomain (381ms)
		EndReloadAssembly (7140ms)
			LoadAssemblies (736ms)
			RebuildTransferFunctionScriptingTraits (0ms)
			SetupTypeCache (2502ms)
			ReleaseScriptCaches (4ms)
			RebuildScriptCaches (347ms)
			SetupLoadedEditorAssemblies (2633ms)
				LogAssemblyErrors (0ms)
				InitializePlatformSupportModulesInManaged (45ms)
				SetLoadedEditorAssemblies (4ms)
				RefreshPlugins (4ms)
				BeforeProcessingInitializeOnLoad (720ms)
				ProcessInitializeOnLoadAttributes (1772ms)
				ProcessInitializeOnLoadMethodAttributes (48ms)
				AfterProcessingInitializeOnLoad (39ms)
				EditorAssembliesLoaded (1ms)
			ExecutionOrderSort2 (0ms)
			AwakeInstancesAfterBackupRestoration (94ms)
Platform modules already initialized, skipping
Refreshing native plugins compatible for Editor in 2.70 ms, found 3 plugins.
Preloading 0 native plugins for Editor in 0.00 ms.
Unloading 2091 Unused Serialized files (Serialized files now loaded: 0)
System memory in use before: 93.9 MB.
System memory in use after: 94.0 MB.

Unloading 15 unused Assets to reduce memory usage. Loaded Objects now: 2558.
Total: 18.596000 ms (FindLiveObjects: 0.899700 ms CreateObjectMapping: 0.289900 ms MarkObjects: 17.254200 ms  DeleteObjects: 0.142400 ms)

AssetImportParameters requested are different than current active one (requested -> active):
  custom:framework-win-MediaFoundation: 216162199b28c13a410421893ffa2e32 -> 
  custom:video-decoder-ogg-theora: a1e56fd34408186e4bbccfd4996cb3dc -> 
  custom:container-muxer-webm: aa71ff27fc2769a1b78a27578f13a17b -> 
  custom:container-demuxer-webm: 4f35f7cbe854078d1ac9338744f61a02 -> 
  custom:container-demuxer-ogg: 62fdf1f143b41e24485cea50d1cbac27 -> 
  custom:video-encoder-webm-vp8: eb34c28f22e8b96e1ab97ce403110664 -> 
  custom:video-decoder-webm-vp8: 9c59270c3fd7afecdb556c50c9e8de78 -> 
  custom:audio-decoder-ogg-vorbis: bf7c407c2cedff20999df2af8eb42d56 -> 
  custom:audio-encoder-webm-vorbis: bf7c407c2cedff20999df2af8eb42d56 -> 
========================================================================
Received Import Request.
  Time since last request: 67.425701 seconds.
  path: Assets/Prefabs/Win.prefab
  artifactKey: Guid(e77d4eb5aaaa8dd4c90dfab472f44b40) Importer(815301076,1909f56bfc062723c751e8b465ee728b)
Start importing Assets/Prefabs/Win.prefab using Guid(e77d4eb5aaaa8dd4c90dfab472f44b40) Importer(815301076,1909f56bfc062723c751e8b465ee728b)  -> (artifact id: '5461c098a1a3a0954dc0145509c73b9e') in 0.738132 seconds 
  Import took 0.765683 seconds .

========================================================================
Received Prepare
Registering precompiled user dll's ...
Registered in 0.012739 seconds.
Begin MonoManager ReloadAssembly
Native extension for WindowsStandalone target not found
Refreshing native plugins compatible for Editor in 1.74 ms, found 3 plugins.
Preloading 0 native plugins for Editor in 0.00 ms.
Mono: successfully reloaded assembly
- Completed reload, in  4.119 seconds
Domain Reload Profiling:
	ReloadAssembly (4121ms)
		BeginReloadAssembly (394ms)
			ExecutionOrderSort (0ms)
			DisableScriptedObjects (28ms)
			BackupInstance (0ms)
			ReleaseScriptingObjects (0ms)
			CreateAndSetChildDomain (113ms)
		EndReloadAssembly (3449ms)
			LoadAssemblies (360ms)
			RebuildTransferFunctionScriptingTraits (0ms)
			SetupTypeCache (1258ms)
			ReleaseScriptCaches (5ms)
			RebuildScriptCaches (178ms)
			SetupLoadedEditorAssemblies (1204ms)
				LogAssemblyErrors (0ms)
				InitializePlatformSupportModulesInManaged (23ms)
				SetLoadedEditorAssemblies (2ms)
				RefreshPlugins (2ms)
				BeforeProcessingInitializeOnLoad (325ms)
				ProcessInitializeOnLoadAttributes (806ms)
				ProcessInitializeOnLoadMethodAttributes (25ms)
				AfterProcessingInitializeOnLoad (20ms)
				EditorAssembliesLoaded (1ms)
			ExecutionOrderSort2 (0ms)
			AwakeInstancesAfterBackupRestoration (37ms)
Platform modules already initialized, skipping
Refreshing native plugins compatible for Editor in 1.78 ms, found 3 plugins.
Preloading 0 native plugins for Editor in 0.00 ms.
Unloading 2091 Unused Serialized files (Serialized files now loaded: 0)
System memory in use before: 93.9 MB.
System memory in use after: 94.0 MB.

Unloading 15 unused Assets to reduce memory usage. Loaded Objects now: 2561.
Total: 12.797800 ms (FindLiveObjects: 0.533500 ms CreateObjectMapping: 0.229500 ms MarkObjects: 11.872300 ms  DeleteObjects: 0.157400 ms)

AssetImportParameters requested are different than current active one (requested -> active):
  custom:framework-win-MediaFoundation: 216162199b28c13a410421893ffa2e32 -> 
  custom:video-decoder-ogg-theora: a1e56fd34408186e4bbccfd4996cb3dc -> 
  custom:container-muxer-webm: aa71ff27fc2769a1b78a27578f13a17b -> 
  custom:container-demuxer-webm: 4f35f7cbe854078d1ac9338744f61a02 -> 
  custom:container-demuxer-ogg: 62fdf1f143b41e24485cea50d1cbac27 -> 
  custom:video-encoder-webm-vp8: eb34c28f22e8b96e1ab97ce403110664 -> 
  custom:video-decoder-webm-vp8: 9c59270c3fd7afecdb556c50c9e8de78 -> 
  custom:audio-decoder-ogg-vorbis: bf7c407c2cedff20999df2af8eb42d56 -> 
  custom:audio-encoder-webm-vorbis: bf7c407c2cedff20999df2af8eb42d56 -> 
========================================================================
Received Import Request.
  Time since last request: 851.677210 seconds.
  path: Assets/Prefabs/Win.prefab
  artifactKey: Guid(e77d4eb5aaaa8dd4c90dfab472f44b40) Importer(815301076,1909f56bfc062723c751e8b465ee728b)
Start importing Assets/Prefabs/Win.prefab using Guid(e77d4eb5aaaa8dd4c90dfab472f44b40) Importer(815301076,1909f56bfc062723c751e8b465ee728b)  -> (artifact id: 'fc4a4fabbe0f7b073cb7a23a3e4be18d') in 0.349195 seconds 
  Import took 0.364427 seconds .

========================================================================
Received Import Request.
  Time since last request: 13.742923 seconds.
  path: Assets/Prefabs/Win.prefab
  artifactKey: Guid(e77d4eb5aaaa8dd4c90dfab472f44b40) Importer(815301076,1909f56bfc062723c751e8b465ee728b)
Start importing Assets/Prefabs/Win.prefab using Guid(e77d4eb5aaaa8dd4c90dfab472f44b40) Importer(815301076,1909f56bfc062723c751e8b465ee728b)  -> (artifact id: 'd84e5ffda2b26741ada7f8045ad00ca4') in 0.106114 seconds 
  Import took 0.120092 seconds .

========================================================================
Received Import Request.
  Time since last request: 1.672019 seconds.
  path: Assets/Prefabs/Win.prefab
  artifactKey: Guid(e77d4eb5aaaa8dd4c90dfab472f44b40) Importer(815301076,1909f56bfc062723c751e8b465ee728b)
Start importing Assets/Prefabs/Win.prefab using Guid(e77d4eb5aaaa8dd4c90dfab472f44b40) Importer(815301076,1909f56bfc062723c751e8b465ee728b)  -> (artifact id: 'fb7f67af03bd4fc9d546c2073f8210b9') in 0.113450 seconds 
  Import took 0.130944 seconds .

========================================================================
Received Import Request.
  Time since last request: 5.170933 seconds.
  path: Assets/Prefabs/Win.prefab
  artifactKey: Guid(e77d4eb5aaaa8dd4c90dfab472f44b40) Importer(815301076,1909f56bfc062723c751e8b465ee728b)
Start importing Assets/Prefabs/Win.prefab using Guid(e77d4eb5aaaa8dd4c90dfab472f44b40) Importer(815301076,1909f56bfc062723c751e8b465ee728b)  -> (artifact id: '3d0216475fbd5a6c0733ff46320004f4') in 0.105416 seconds 
  Import took 0.121520 seconds .

========================================================================
Received Import Request.
  Time since last request: 1.892771 seconds.
  path: Assets/Prefabs/Win.prefab
  artifactKey: Guid(e77d4eb5aaaa8dd4c90dfab472f44b40) Importer(815301076,1909f56bfc062723c751e8b465ee728b)
Start importing Assets/Prefabs/Win.prefab using Guid(e77d4eb5aaaa8dd4c90dfab472f44b40) Importer(815301076,1909f56bfc062723c751e8b465ee728b)  -> (artifact id: 'ee4af4aea6e44283bf2b31efbb8ea61f') in 0.107511 seconds 
  Import took 0.120822 seconds .

========================================================================
Received Prepare
Registering precompiled user dll's ...
Registered in 0.010899 seconds.
Begin MonoManager ReloadAssembly
Native extension for WindowsStandalone target not found
Refreshing native plugins compatible for Editor in 1.18 ms, found 3 plugins.
Preloading 0 native plugins for Editor in 0.00 ms.
Mono: successfully reloaded assembly
- Completed reload, in  4.444 seconds
Domain Reload Profiling:
	ReloadAssembly (4446ms)
		BeginReloadAssembly (538ms)
			ExecutionOrderSort (0ms)
			DisableScriptedObjects (50ms)
			BackupInstance (0ms)
			ReleaseScriptingObjects (0ms)
			CreateAndSetChildDomain (162ms)
		EndReloadAssembly (3620ms)
			LoadAssemblies (406ms)
			RebuildTransferFunctionScriptingTraits (0ms)
			SetupTypeCache (1296ms)
			ReleaseScriptCaches (5ms)
			RebuildScriptCaches (194ms)
			SetupLoadedEditorAssemblies (1266ms)
				LogAssemblyErrors (0ms)
				InitializePlatformSupportModulesInManaged (21ms)
				SetLoadedEditorAssemblies (2ms)
				RefreshPlugins (2ms)
				BeforeProcessingInitializeOnLoad (345ms)
				ProcessInitializeOnLoadAttributes (840ms)
				ProcessInitializeOnLoadMethodAttributes (29ms)
				AfterProcessingInitializeOnLoad (27ms)
				EditorAssembliesLoaded (1ms)
			ExecutionOrderSort2 (0ms)
			AwakeInstancesAfterBackupRestoration (47ms)
Platform modules already initialized, skipping
Refreshing native plugins compatible for Editor in 2.10 ms, found 3 plugins.
Preloading 0 native plugins for Editor in 0.00 ms.
Unloading 2091 Unused Serialized files (Serialized files now loaded: 0)
System memory in use before: 93.9 MB.
System memory in use after: 94.0 MB.

Unloading 15 unused Assets to reduce memory usage. Loaded Objects now: 2564.
Total: 10.557800 ms (FindLiveObjects: 0.443000 ms CreateObjectMapping: 0.223200 ms MarkObjects: 9.731600 ms  DeleteObjects: 0.156000 ms)

AssetImportParameters requested are different than current active one (requested -> active):
  custom:framework-win-MediaFoundation: 216162199b28c13a410421893ffa2e32 -> 
  custom:video-decoder-ogg-theora: a1e56fd34408186e4bbccfd4996cb3dc -> 
  custom:container-muxer-webm: aa71ff27fc2769a1b78a27578f13a17b -> 
  custom:container-demuxer-webm: 4f35f7cbe854078d1ac9338744f61a02 -> 
  custom:container-demuxer-ogg: 62fdf1f143b41e24485cea50d1cbac27 -> 
  custom:video-encoder-webm-vp8: eb34c28f22e8b96e1ab97ce403110664 -> 
  custom:video-decoder-webm-vp8: 9c59270c3fd7afecdb556c50c9e8de78 -> 
  custom:audio-decoder-ogg-vorbis: bf7c407c2cedff20999df2af8eb42d56 -> 
  custom:audio-encoder-webm-vorbis: bf7c407c2cedff20999df2af8eb42d56 -> 
========================================================================
Received Import Request.
  Time since last request: 186.744301 seconds.
  path: Assets/Prefabs/Win.prefab
  artifactKey: Guid(e77d4eb5aaaa8dd4c90dfab472f44b40) Importer(815301076,1909f56bfc062723c751e8b465ee728b)
Start importing Assets/Prefabs/Win.prefab using Guid(e77d4eb5aaaa8dd4c90dfab472f44b40) Importer(815301076,1909f56bfc062723c751e8b465ee728b)  -> (artifact id: '3b3df1eeed02855c828c5b2e5e9d247d') in 0.333574 seconds 
  Import took 0.347805 seconds .

========================================================================
Received Import Request.
  Time since last request: 9.572112 seconds.
  path: Assets/Prefabs/Win.prefab
  artifactKey: Guid(e77d4eb5aaaa8dd4c90dfab472f44b40) Importer(815301076,1909f56bfc062723c751e8b465ee728b)
Start importing Assets/Prefabs/Win.prefab using Guid(e77d4eb5aaaa8dd4c90dfab472f44b40) Importer(815301076,1909f56bfc062723c751e8b465ee728b)  -> (artifact id: '54721e0f3a47146d5994abf011c7831c') in 0.106942 seconds 
  Import took 0.122749 seconds .

========================================================================
Received Import Request.
  Time since last request: 12.066126 seconds.
  path: Assets/Prefabs/Win.prefab
  artifactKey: Guid(e77d4eb5aaaa8dd4c90dfab472f44b40) Importer(815301076,1909f56bfc062723c751e8b465ee728b)
Start importing Assets/Prefabs/Win.prefab using Guid(e77d4eb5aaaa8dd4c90dfab472f44b40) Importer(815301076,1909f56bfc062723c751e8b465ee728b)  -> (artifact id: 'a93d422903536e3dd5d563a79c48d508') in 0.107894 seconds 
  Import took 0.119827 seconds .

========================================================================
Received Import Request.
  Time since last request: 29.841736 seconds.
  path: Assets/Prefabs/Win.prefab
  artifactKey: Guid(e77d4eb5aaaa8dd4c90dfab472f44b40) Importer(815301076,1909f56bfc062723c751e8b465ee728b)
Start importing Assets/Prefabs/Win.prefab using Guid(e77d4eb5aaaa8dd4c90dfab472f44b40) Importer(815301076,1909f56bfc062723c751e8b465ee728b)  -> (artifact id: 'd38e3d475bf916f25255162b32403134') in 0.104040 seconds 
  Import took 0.119153 seconds .

========================================================================
Received Import Request.
  Time since last request: 30.044024 seconds.
  path: Assets/Prefabs/Win.prefab
  artifactKey: Guid(e77d4eb5aaaa8dd4c90dfab472f44b40) Importer(815301076,1909f56bfc062723c751e8b465ee728b)
Start importing Assets/Prefabs/Win.prefab using Guid(e77d4eb5aaaa8dd4c90dfab472f44b40) Importer(815301076,1909f56bfc062723c751e8b465ee728b)  -> (artifact id: '9fa6b42efd955c7682463aab6e61878b') in 0.094222 seconds 
  Import took 0.109076 seconds .

========================================================================
Received Import Request.
  Time since last request: 8.420775 seconds.
  path: Assets/Prefabs/Win.prefab
  artifactKey: Guid(e77d4eb5aaaa8dd4c90dfab472f44b40) Importer(815301076,1909f56bfc062723c751e8b465ee728b)
Start importing Assets/Prefabs/Win.prefab using Guid(e77d4eb5aaaa8dd4c90dfab472f44b40) Importer(815301076,1909f56bfc062723c751e8b465ee728b)  -> (artifact id: 'ce0d4a77653dcf2660aa308a882461b2') in 0.109080 seconds 
  Import took 0.122874 seconds .

========================================================================
Received Import Request.
  Time since last request: 2.850207 seconds.
  path: Assets/Prefabs/Win.prefab
  artifactKey: Guid(e77d4eb5aaaa8dd4c90dfab472f44b40) Importer(815301076,1909f56bfc062723c751e8b465ee728b)
Start importing Assets/Prefabs/Win.prefab using Guid(e77d4eb5aaaa8dd4c90dfab472f44b40) Importer(815301076,1909f56bfc062723c751e8b465ee728b)  -> (artifact id: '88849fcb87709778133a213eaffd6baf') in 0.020922 seconds 
  Import took 0.033212 seconds .

========================================================================
Received Import Request.
  Time since last request: 54.750660 seconds.
  path: Assets/Prefabs/Win.prefab
  artifactKey: Guid(e77d4eb5aaaa8dd4c90dfab472f44b40) Importer(815301076,1909f56bfc062723c751e8b465ee728b)
Start importing Assets/Prefabs/Win.prefab using Guid(e77d4eb5aaaa8dd4c90dfab472f44b40) Importer(815301076,1909f56bfc062723c751e8b465ee728b)  -> (artifact id: 'eb7ef25db3e2a4a18ce4f83cc09b345b') in 0.033326 seconds 
  Import took 0.045310 seconds .

========================================================================
Received Import Request.
  Time since last request: 15.227884 seconds.
  path: Assets/Prefabs/Win.prefab
  artifactKey: Guid(e77d4eb5aaaa8dd4c90dfab472f44b40) Importer(815301076,1909f56bfc062723c751e8b465ee728b)
Start importing Assets/Prefabs/Win.prefab using Guid(e77d4eb5aaaa8dd4c90dfab472f44b40) Importer(815301076,1909f56bfc062723c751e8b465ee728b)  -> (artifact id: '6c1b2e7e4effd8f839c9fe4c6010d70d') in 0.027148 seconds 
  Import took 0.044420 seconds .

========================================================================
Received Import Request.
  Time since last request: 6.021728 seconds.
  path: Assets/Prefabs/Win.prefab
  artifactKey: Guid(e77d4eb5aaaa8dd4c90dfab472f44b40) Importer(815301076,1909f56bfc062723c751e8b465ee728b)
Start importing Assets/Prefabs/Win.prefab using Guid(e77d4eb5aaaa8dd4c90dfab472f44b40) Importer(815301076,1909f56bfc062723c751e8b465ee728b)  -> (artifact id: '416d9dd078e85e0672f057444fdc8233') in 0.024298 seconds 
  Import took 0.041910 seconds .

========================================================================
Received Import Request.
  Time since last request: 7.345602 seconds.
  path: Assets/Prefabs/Win.prefab
  artifactKey: Guid(e77d4eb5aaaa8dd4c90dfab472f44b40) Importer(815301076,1909f56bfc062723c751e8b465ee728b)
Start importing Assets/Prefabs/Win.prefab using Guid(e77d4eb5aaaa8dd4c90dfab472f44b40) Importer(815301076,1909f56bfc062723c751e8b465ee728b)  -> (artifact id: 'db78db4633951153935676b7f6d64080') in 0.022311 seconds 
  Import took 0.036330 seconds .

========================================================================
Received Import Request.
  Time since last request: 18.642402 seconds.
  path: Assets/Prefabs/Win.prefab
  artifactKey: Guid(e77d4eb5aaaa8dd4c90dfab472f44b40) Importer(815301076,1909f56bfc062723c751e8b465ee728b)
Start importing Assets/Prefabs/Win.prefab using Guid(e77d4eb5aaaa8dd4c90dfab472f44b40) Importer(815301076,1909f56bfc062723c751e8b465ee728b)  -> (artifact id: '93255338ea1040426ed6627287e6f454') in 0.021746 seconds 
  Import took 0.037240 seconds .

========================================================================
Received Import Request.
  Time since last request: 6.878479 seconds.
  path: Assets/Prefabs/Win.prefab
  artifactKey: Guid(e77d4eb5aaaa8dd4c90dfab472f44b40) Importer(815301076,1909f56bfc062723c751e8b465ee728b)
Start importing Assets/Prefabs/Win.prefab using Guid(e77d4eb5aaaa8dd4c90dfab472f44b40) Importer(815301076,1909f56bfc062723c751e8b465ee728b)  -> (artifact id: '55ec261713afa7fc5c6f37b1d11e624b') in 0.021407 seconds 
  Import took 0.035288 seconds .

========================================================================
Received Import Request.
  Time since last request: 5.044555 seconds.
  path: Assets/Prefabs/Win.prefab
  artifactKey: Guid(e77d4eb5aaaa8dd4c90dfab472f44b40) Importer(815301076,1909f56bfc062723c751e8b465ee728b)
Start importing Assets/Prefabs/Win.prefab using Guid(e77d4eb5aaaa8dd4c90dfab472f44b40) Importer(815301076,1909f56bfc062723c751e8b465ee728b)  -> (artifact id: 'f980e25998989b968a251ac296a15094') in 0.021310 seconds 
  Import took 0.039741 seconds .

========================================================================
Received Import Request.
  Time since last request: 2.650131 seconds.
  path: Assets/Prefabs/Win.prefab
  artifactKey: Guid(e77d4eb5aaaa8dd4c90dfab472f44b40) Importer(815301076,1909f56bfc062723c751e8b465ee728b)
Start importing Assets/Prefabs/Win.prefab using Guid(e77d4eb5aaaa8dd4c90dfab472f44b40) Importer(815301076,1909f56bfc062723c751e8b465ee728b)  -> (artifact id: '842841428397d85c3a9ac45d92ff0a30') in 0.017016 seconds 
  Import took 0.031727 seconds .

========================================================================
Received Import Request.
  Time since last request: 35.895553 seconds.
  path: Assets/Prefabs/Win.prefab
  artifactKey: Guid(e77d4eb5aaaa8dd4c90dfab472f44b40) Importer(815301076,1909f56bfc062723c751e8b465ee728b)
Start importing Assets/Prefabs/Win.prefab using Guid(e77d4eb5aaaa8dd4c90dfab472f44b40) Importer(815301076,1909f56bfc062723c751e8b465ee728b)  -> (artifact id: 'f9dde85e425eb741a58b47ac025cca74') in 0.021793 seconds 
  Import took 0.037623 seconds .

========================================================================
Received Import Request.
  Time since last request: 11.367268 seconds.
  path: Assets/Prefabs/Win.prefab
  artifactKey: Guid(e77d4eb5aaaa8dd4c90dfab472f44b40) Importer(815301076,1909f56bfc062723c751e8b465ee728b)
Start importing Assets/Prefabs/Win.prefab using Guid(e77d4eb5aaaa8dd4c90dfab472f44b40) Importer(815301076,1909f56bfc062723c751e8b465ee728b)  -> (artifact id: '9f085f4369776426fe53b42d1483d2d4') in 0.020102 seconds 
  Import took 0.037512 seconds .

========================================================================
Received Import Request.
  Time since last request: 9.330305 seconds.
  path: Assets/Prefabs/Win.prefab
  artifactKey: Guid(e77d4eb5aaaa8dd4c90dfab472f44b40) Importer(815301076,1909f56bfc062723c751e8b465ee728b)
Start importing Assets/Prefabs/Win.prefab using Guid(e77d4eb5aaaa8dd4c90dfab472f44b40) Importer(815301076,1909f56bfc062723c751e8b465ee728b)  -> (artifact id: '28423877dcbaaa5cb07ff542a44f930a') in 0.026445 seconds 
  Import took 0.042040 seconds .

========================================================================
Received Import Request.
  Time since last request: 10.142862 seconds.
  path: Assets/Prefabs/Win.prefab
  artifactKey: Guid(e77d4eb5aaaa8dd4c90dfab472f44b40) Importer(815301076,1909f56bfc062723c751e8b465ee728b)
Start importing Assets/Prefabs/Win.prefab using Guid(e77d4eb5aaaa8dd4c90dfab472f44b40) Importer(815301076,1909f56bfc062723c751e8b465ee728b)  -> (artifact id: '10fd63cf130f8c201022789c3fff485b') in 0.022893 seconds 
  Import took 0.036923 seconds .

========================================================================
Received Import Request.
  Time since last request: 20.689693 seconds.
  path: Assets/Prefabs/Win.prefab
  artifactKey: Guid(e77d4eb5aaaa8dd4c90dfab472f44b40) Importer(815301076,1909f56bfc062723c751e8b465ee728b)
Start importing Assets/Prefabs/Win.prefab using Guid(e77d4eb5aaaa8dd4c90dfab472f44b40) Importer(815301076,1909f56bfc062723c751e8b465ee728b)  -> (artifact id: 'c207d6e75e71cc81e7082b76822406a9') in 0.019704 seconds 
  Import took 0.035183 seconds .

========================================================================
Received Import Request.
  Time since last request: 8.353691 seconds.
  path: Assets/Prefabs/Win.prefab
  artifactKey: Guid(e77d4eb5aaaa8dd4c90dfab472f44b40) Importer(815301076,1909f56bfc062723c751e8b465ee728b)
Start importing Assets/Prefabs/Win.prefab using Guid(e77d4eb5aaaa8dd4c90dfab472f44b40) Importer(815301076,1909f56bfc062723c751e8b465ee728b)  -> (artifact id: '20bd97281f22f2fa33fb01b2c622a771') in 0.029742 seconds 
  Import took 0.046781 seconds .

========================================================================
Received Import Request.
  Time since last request: 58.044848 seconds.
  path: Assets/Prefabs/Win.prefab
  artifactKey: Guid(e77d4eb5aaaa8dd4c90dfab472f44b40) Importer(815301076,1909f56bfc062723c751e8b465ee728b)
Start importing Assets/Prefabs/Win.prefab using Guid(e77d4eb5aaaa8dd4c90dfab472f44b40) Importer(815301076,1909f56bfc062723c751e8b465ee728b)  -> (artifact id: '725c53fba094f3f69f09b7181ddb0204') in 0.022508 seconds 
  Import took 0.038336 seconds .

========================================================================
Received Import Request.
  Time since last request: 6.036060 seconds.
  path: Assets/Prefabs/Win.prefab
  artifactKey: Guid(e77d4eb5aaaa8dd4c90dfab472f44b40) Importer(815301076,1909f56bfc062723c751e8b465ee728b)
Start importing Assets/Prefabs/Win.prefab using Guid(e77d4eb5aaaa8dd4c90dfab472f44b40) Importer(815301076,1909f56bfc062723c751e8b465ee728b)  -> (artifact id: 'c12f0b65b4df4f30efadaab3a0e5bd51') in 0.026167 seconds 
  Import took 0.042483 seconds .

========================================================================
Received Import Request.
  Time since last request: 1.405029 seconds.
  path: Assets/Prefabs/Win.prefab
  artifactKey: Guid(e77d4eb5aaaa8dd4c90dfab472f44b40) Importer(815301076,1909f56bfc062723c751e8b465ee728b)
Start importing Assets/Prefabs/Win.prefab using Guid(e77d4eb5aaaa8dd4c90dfab472f44b40) Importer(815301076,1909f56bfc062723c751e8b465ee728b)  -> (artifact id: '8773ab793db65237c7828579149697c0') in 0.020367 seconds 
  Import took 0.034616 seconds .

========================================================================
Received Import Request.
  Time since last request: 3.491150 seconds.
  path: Assets/Prefabs/Win.prefab
  artifactKey: Guid(e77d4eb5aaaa8dd4c90dfab472f44b40) Importer(815301076,1909f56bfc062723c751e8b465ee728b)
Start importing Assets/Prefabs/Win.prefab using Guid(e77d4eb5aaaa8dd4c90dfab472f44b40) Importer(815301076,1909f56bfc062723c751e8b465ee728b)  -> (artifact id: '467397d9da6f9cc5c098a5dd1eac32f2') in 0.033081 seconds 
  Import took 0.052617 seconds .

========================================================================
Received Import Request.
  Time since last request: 3.391216 seconds.
  path: Assets/Prefabs/Win.prefab
  artifactKey: Guid(e77d4eb5aaaa8dd4c90dfab472f44b40) Importer(815301076,1909f56bfc062723c751e8b465ee728b)
Start importing Assets/Prefabs/Win.prefab using Guid(e77d4eb5aaaa8dd4c90dfab472f44b40) Importer(815301076,1909f56bfc062723c751e8b465ee728b)  -> (artifact id: '6ee55d4cfed1d21a0404d92aea8213fd') in 0.029114 seconds 
  Import took 0.052686 seconds .

========================================================================
Received Import Request.
  Time since last request: 2.561046 seconds.
  path: Assets/Prefabs/Win.prefab
  artifactKey: Guid(e77d4eb5aaaa8dd4c90dfab472f44b40) Importer(815301076,1909f56bfc062723c751e8b465ee728b)
Start importing Assets/Prefabs/Win.prefab using Guid(e77d4eb5aaaa8dd4c90dfab472f44b40) Importer(815301076,1909f56bfc062723c751e8b465ee728b)  -> (artifact id: '70238c14c8b1651e86c7c9be35e48055') in 0.021823 seconds 
  Import took 0.037007 seconds .

========================================================================
Received Import Request.
  Time since last request: 5.968387 seconds.
  path: Assets/Prefabs/Win.prefab
  artifactKey: Guid(e77d4eb5aaaa8dd4c90dfab472f44b40) Importer(815301076,1909f56bfc062723c751e8b465ee728b)
Start importing Assets/Prefabs/Win.prefab using Guid(e77d4eb5aaaa8dd4c90dfab472f44b40) Importer(815301076,1909f56bfc062723c751e8b465ee728b)  -> (artifact id: '2e7ff9b0615fdfa010b67e279272dc80') in 0.021222 seconds 
  Import took 0.034576 seconds .

========================================================================
Received Import Request.
  Time since last request: 21.084954 seconds.
  path: Assets/Prefabs/Win.prefab
  artifactKey: Guid(e77d4eb5aaaa8dd4c90dfab472f44b40) Importer(815301076,1909f56bfc062723c751e8b465ee728b)
Start importing Assets/Prefabs/Win.prefab using Guid(e77d4eb5aaaa8dd4c90dfab472f44b40) Importer(815301076,1909f56bfc062723c751e8b465ee728b)  -> (artifact id: 'fe79f4b991dfec98376e7215ea2481c6') in 0.018052 seconds 
  Import took 0.031679 seconds .

========================================================================
Received Import Request.
  Time since last request: 8.924577 seconds.
  path: Assets/Prefabs/Win.prefab
  artifactKey: Guid(e77d4eb5aaaa8dd4c90dfab472f44b40) Importer(815301076,1909f56bfc062723c751e8b465ee728b)
Start importing Assets/Prefabs/Win.prefab using Guid(e77d4eb5aaaa8dd4c90dfab472f44b40) Importer(815301076,1909f56bfc062723c751e8b465ee728b)  -> (artifact id: '46238544aaf1f106057c4b1dffa63d2b') in 0.018150 seconds 
  Import took 0.030809 seconds .

========================================================================
Received Import Request.
  Time since last request: 7.086805 seconds.
  path: Assets/Prefabs/Win.prefab
  artifactKey: Guid(e77d4eb5aaaa8dd4c90dfab472f44b40) Importer(815301076,1909f56bfc062723c751e8b465ee728b)
Start importing Assets/Prefabs/Win.prefab using Guid(e77d4eb5aaaa8dd4c90dfab472f44b40) Importer(815301076,1909f56bfc062723c751e8b465ee728b)  -> (artifact id: '7564b2fcb158ff704ffbc2e81ae582a0') in 0.022769 seconds 
  Import took 0.034721 seconds .

========================================================================
Received Import Request.
  Time since last request: 7.041187 seconds.
  path: Assets/Prefabs/Win.prefab
  artifactKey: Guid(e77d4eb5aaaa8dd4c90dfab472f44b40) Importer(815301076,1909f56bfc062723c751e8b465ee728b)
Start importing Assets/Prefabs/Win.prefab using Guid(e77d4eb5aaaa8dd4c90dfab472f44b40) Importer(815301076,1909f56bfc062723c751e8b465ee728b)  -> (artifact id: 'f01c78455d8d5f84007b2606e9191595') in 0.024915 seconds 
  Import took 0.040303 seconds .

========================================================================
Received Import Request.
  Time since last request: 11.517579 seconds.
  path: Assets/Prefabs/Win.prefab
  artifactKey: Guid(e77d4eb5aaaa8dd4c90dfab472f44b40) Importer(815301076,1909f56bfc062723c751e8b465ee728b)
Start importing Assets/Prefabs/Win.prefab using Guid(e77d4eb5aaaa8dd4c90dfab472f44b40) Importer(815301076,1909f56bfc062723c751e8b465ee728b)  -> (artifact id: '4ab45da3ff342326b4d0f35f65cf5799') in 0.017612 seconds 
  Import took 0.031292 seconds .

========================================================================
Received Import Request.
  Time since last request: 119.956816 seconds.
  path: Assets/Prefabs/Win.prefab
  artifactKey: Guid(e77d4eb5aaaa8dd4c90dfab472f44b40) Importer(815301076,1909f56bfc062723c751e8b465ee728b)
Start importing Assets/Prefabs/Win.prefab using Guid(e77d4eb5aaaa8dd4c90dfab472f44b40) Importer(815301076,1909f56bfc062723c751e8b465ee728b)  -> (artifact id: 'eb96e786a5493c271c9e7204c66bcecf') in 0.022747 seconds 
  Import took 0.038648 seconds .

========================================================================
Received Import Request.
  Time since last request: 4.388003 seconds.
  path: Assets/Prefabs/Win.prefab
  artifactKey: Guid(e77d4eb5aaaa8dd4c90dfab472f44b40) Importer(815301076,1909f56bfc062723c751e8b465ee728b)
Start importing Assets/Prefabs/Win.prefab using Guid(e77d4eb5aaaa8dd4c90dfab472f44b40) Importer(815301076,1909f56bfc062723c751e8b465ee728b)  -> (artifact id: 'b96de6451b04defb40bf981413b9ac4b') in 0.045374 seconds 
  Import took 0.077059 seconds .

========================================================================
Received Import Request.
  Time since last request: 12.221609 seconds.
  path: Assets/Prefabs/Win.prefab
  artifactKey: Guid(e77d4eb5aaaa8dd4c90dfab472f44b40) Importer(815301076,1909f56bfc062723c751e8b465ee728b)
Start importing Assets/Prefabs/Win.prefab using Guid(e77d4eb5aaaa8dd4c90dfab472f44b40) Importer(815301076,1909f56bfc062723c751e8b465ee728b)  -> (artifact id: 'e463f437302baef8eadd75146afa4244') in 0.017917 seconds 
  Import took 0.030747 seconds .

========================================================================
Received Import Request.
  Time since last request: 2.475804 seconds.
  path: Assets/Prefabs/Win.prefab
  artifactKey: Guid(e77d4eb5aaaa8dd4c90dfab472f44b40) Importer(815301076,1909f56bfc062723c751e8b465ee728b)
Start importing Assets/Prefabs/Win.prefab using Guid(e77d4eb5aaaa8dd4c90dfab472f44b40) Importer(815301076,1909f56bfc062723c751e8b465ee728b)  -> (artifact id: '0c3c992706753a6cbbbac39e8972e64f') in 0.016208 seconds 
  Import took 0.027315 seconds .

========================================================================
Received Import Request.
  Time since last request: 5.478832 seconds.
  path: Assets/Prefabs/Win.prefab
  artifactKey: Guid(e77d4eb5aaaa8dd4c90dfab472f44b40) Importer(815301076,1909f56bfc062723c751e8b465ee728b)
Start importing Assets/Prefabs/Win.prefab using Guid(e77d4eb5aaaa8dd4c90dfab472f44b40) Importer(815301076,1909f56bfc062723c751e8b465ee728b)  -> (artifact id: '8045407ffcacac72fb6e5c0768328d73') in 0.022287 seconds 
  Import took 0.031743 seconds .

========================================================================
Received Import Request.
  Time since last request: 1.356609 seconds.
  path: Assets/Prefabs/Win.prefab
  artifactKey: Guid(e77d4eb5aaaa8dd4c90dfab472f44b40) Importer(815301076,1909f56bfc062723c751e8b465ee728b)
Start importing Assets/Prefabs/Win.prefab using Guid(e77d4eb5aaaa8dd4c90dfab472f44b40) Importer(815301076,1909f56bfc062723c751e8b465ee728b)  -> (artifact id: '6b9b2e6b6ceb224a061f6bcdc7e0b8bd') in 0.015868 seconds 
  Import took 0.025660 seconds .

========================================================================
Received Import Request.
  Time since last request: 6.718854 seconds.
  path: Assets/Prefabs/Win.prefab
  artifactKey: Guid(e77d4eb5aaaa8dd4c90dfab472f44b40) Importer(815301076,1909f56bfc062723c751e8b465ee728b)
Start importing Assets/Prefabs/Win.prefab using Guid(e77d4eb5aaaa8dd4c90dfab472f44b40) Importer(815301076,1909f56bfc062723c751e8b465ee728b)  -> (artifact id: 'ed9f4cb01ae044ba35438d02f033a72a') in 0.021695 seconds 
  Import took 0.032568 seconds .

========================================================================
Received Import Request.
  Time since last request: 15.241476 seconds.
  path: Assets/Prefabs/Win.prefab
  artifactKey: Guid(e77d4eb5aaaa8dd4c90dfab472f44b40) Importer(815301076,1909f56bfc062723c751e8b465ee728b)
Start importing Assets/Prefabs/Win.prefab using Guid(e77d4eb5aaaa8dd4c90dfab472f44b40) Importer(815301076,1909f56bfc062723c751e8b465ee728b)  -> (artifact id: 'f5e6d4d335bdd4a345da31a233c6c423') in 0.017528 seconds 
  Import took 0.029674 seconds .

========================================================================
Received Import Request.
  Time since last request: 5.971763 seconds.
  path: Assets/Prefabs/Win.prefab
  artifactKey: Guid(e77d4eb5aaaa8dd4c90dfab472f44b40) Importer(815301076,1909f56bfc062723c751e8b465ee728b)
Start importing Assets/Prefabs/Win.prefab using Guid(e77d4eb5aaaa8dd4c90dfab472f44b40) Importer(815301076,1909f56bfc062723c751e8b465ee728b)  -> (artifact id: '6253e251ebf0711492f72763ed7d6344') in 0.016636 seconds 
  Import took 0.030912 seconds .

========================================================================
Received Import Request.
  Time since last request: 9.625614 seconds.
  path: Assets/Prefabs/Win.prefab
  artifactKey: Guid(e77d4eb5aaaa8dd4c90dfab472f44b40) Importer(815301076,1909f56bfc062723c751e8b465ee728b)
Start importing Assets/Prefabs/Win.prefab using Guid(e77d4eb5aaaa8dd4c90dfab472f44b40) Importer(815301076,1909f56bfc062723c751e8b465ee728b)  -> (artifact id: '73396f3c8c4bef27213a524d25b357d4') in 0.017759 seconds 
  Import took 0.028498 seconds .

========================================================================
Received Import Request.
  Time since last request: 3.614746 seconds.
  path: Assets/Prefabs/Win.prefab
  artifactKey: Guid(e77d4eb5aaaa8dd4c90dfab472f44b40) Importer(815301076,1909f56bfc062723c751e8b465ee728b)
Start importing Assets/Prefabs/Win.prefab using Guid(e77d4eb5aaaa8dd4c90dfab472f44b40) Importer(815301076,1909f56bfc062723c751e8b465ee728b)  -> (artifact id: 'aced63a2047020dfeea332b4c6bd7353') in 0.024558 seconds 
  Import took 0.039591 seconds .

========================================================================
Received Import Request.
  Time since last request: 13.434456 seconds.
  path: Assets/Prefabs/Win.prefab
  artifactKey: Guid(e77d4eb5aaaa8dd4c90dfab472f44b40) Importer(815301076,1909f56bfc062723c751e8b465ee728b)
Start importing Assets/Prefabs/Win.prefab using Guid(e77d4eb5aaaa8dd4c90dfab472f44b40) Importer(815301076,1909f56bfc062723c751e8b465ee728b)  -> (artifact id: '86c4e50be40877b2f31032c3e967bd12') in 0.018864 seconds 
  Import took 0.031763 seconds .

========================================================================
Received Import Request.
  Time since last request: 17.736329 seconds.
  path: Assets/Prefabs/Win.prefab
  artifactKey: Guid(e77d4eb5aaaa8dd4c90dfab472f44b40) Importer(815301076,1909f56bfc062723c751e8b465ee728b)
Start importing Assets/Prefabs/Win.prefab using Guid(e77d4eb5aaaa8dd4c90dfab472f44b40) Importer(815301076,1909f56bfc062723c751e8b465ee728b)  -> (artifact id: '766ac61ea31fa7a83a042de9858dea1d') in 0.016054 seconds 
  Import took 0.024909 seconds .

========================================================================
Received Import Request.
  Time since last request: 4.131786 seconds.
  path: Assets/Prefabs/Win.prefab
  artifactKey: Guid(e77d4eb5aaaa8dd4c90dfab472f44b40) Importer(815301076,1909f56bfc062723c751e8b465ee728b)
Start importing Assets/Prefabs/Win.prefab using Guid(e77d4eb5aaaa8dd4c90dfab472f44b40) Importer(815301076,1909f56bfc062723c751e8b465ee728b)  -> (artifact id: '5ffd4dd79b8e001f75e302dd51528089') in 0.020364 seconds 
  Import took 0.032752 seconds .

========================================================================
Received Import Request.
  Time since last request: 14.449179 seconds.
  path: Assets/Prefabs/Win.prefab
  artifactKey: Guid(e77d4eb5aaaa8dd4c90dfab472f44b40) Importer(815301076,1909f56bfc062723c751e8b465ee728b)
Start importing Assets/Prefabs/Win.prefab using Guid(e77d4eb5aaaa8dd4c90dfab472f44b40) Importer(815301076,1909f56bfc062723c751e8b465ee728b)  -> (artifact id: '6d9230aa4bd05647c6e60cf2f94ba875') in 0.022939 seconds 
  Import took 0.036786 seconds .

========================================================================
Received Import Request.
  Time since last request: 6.314970 seconds.
  path: Assets/Prefabs/Win.prefab
  artifactKey: Guid(e77d4eb5aaaa8dd4c90dfab472f44b40) Importer(815301076,1909f56bfc062723c751e8b465ee728b)
Start importing Assets/Prefabs/Win.prefab using Guid(e77d4eb5aaaa8dd4c90dfab472f44b40) Importer(815301076,1909f56bfc062723c751e8b465ee728b)  -> (artifact id: '0dd508b5ef899b4ef4f7261c9f9efc97') in 0.018921 seconds 
  Import took 0.030939 seconds .

========================================================================
Received Import Request.
  Time since last request: 5.413486 seconds.
  path: Assets/Prefabs/Win.prefab
  artifactKey: Guid(e77d4eb5aaaa8dd4c90dfab472f44b40) Importer(815301076,1909f56bfc062723c751e8b465ee728b)
Start importing Assets/Prefabs/Win.prefab using Guid(e77d4eb5aaaa8dd4c90dfab472f44b40) Importer(815301076,1909f56bfc062723c751e8b465ee728b)  -> (artifact id: 'ef1d39bb9cde179ed94cf389ce767e3b') in 0.018289 seconds 
  Import took 0.036198 seconds .

========================================================================
Received Import Request.
  Time since last request: 2.440587 seconds.
  path: Assets/Prefabs/Win.prefab
  artifactKey: Guid(e77d4eb5aaaa8dd4c90dfab472f44b40) Importer(815301076,1909f56bfc062723c751e8b465ee728b)
Start importing Assets/Prefabs/Win.prefab using Guid(e77d4eb5aaaa8dd4c90dfab472f44b40) Importer(815301076,1909f56bfc062723c751e8b465ee728b)  -> (artifact id: '7190bd16f7793d759c932f9f59068d19') in 0.019022 seconds 
  Import took 0.033441 seconds .

========================================================================
Received Import Request.
  Time since last request: 7.305610 seconds.
  path: Assets/Prefabs/Win.prefab
  artifactKey: Guid(e77d4eb5aaaa8dd4c90dfab472f44b40) Importer(815301076,1909f56bfc062723c751e8b465ee728b)
Start importing Assets/Prefabs/Win.prefab using Guid(e77d4eb5aaaa8dd4c90dfab472f44b40) Importer(815301076,1909f56bfc062723c751e8b465ee728b)  -> (artifact id: '8a2f1a1880673814e8015fef8ccfd5a6') in 0.015401 seconds 
  Import took 0.031496 seconds .

========================================================================
Received Import Request.
  Time since last request: 6.713186 seconds.
  path: Assets/Prefabs/Win.prefab
  artifactKey: Guid(e77d4eb5aaaa8dd4c90dfab472f44b40) Importer(815301076,1909f56bfc062723c751e8b465ee728b)
Start importing Assets/Prefabs/Win.prefab using Guid(e77d4eb5aaaa8dd4c90dfab472f44b40) Importer(815301076,1909f56bfc062723c751e8b465ee728b)  -> (artifact id: 'a798bce11e59f29f3c1c045750646694') in 0.023600 seconds 
  Import took 0.037683 seconds .

========================================================================
Received Import Request.
  Time since last request: 3.647056 seconds.
  path: Assets/Prefabs/Win.prefab
  artifactKey: Guid(e77d4eb5aaaa8dd4c90dfab472f44b40) Importer(815301076,1909f56bfc062723c751e8b465ee728b)
Start importing Assets/Prefabs/Win.prefab using Guid(e77d4eb5aaaa8dd4c90dfab472f44b40) Importer(815301076,1909f56bfc062723c751e8b465ee728b)  -> (artifact id: '9622d109cb6c3269731a8adec7eb235f') in 0.018632 seconds 
  Import took 0.031318 seconds .

========================================================================
Received Import Request.
  Time since last request: 0.584125 seconds.
  path: Assets/Prefabs/Win.prefab
  artifactKey: Guid(e77d4eb5aaaa8dd4c90dfab472f44b40) Importer(815301076,1909f56bfc062723c751e8b465ee728b)
Start importing Assets/Prefabs/Win.prefab using Guid(e77d4eb5aaaa8dd4c90dfab472f44b40) Importer(815301076,1909f56bfc062723c751e8b465ee728b)  -> (artifact id: '6c5ebf75727510b81205fa0da442b4b0') in 0.017724 seconds 
  Import took 0.029221 seconds .

========================================================================
Received Import Request.
  Time since last request: 6.568730 seconds.
  path: Assets/Prefabs/Win.prefab
  artifactKey: Guid(e77d4eb5aaaa8dd4c90dfab472f44b40) Importer(815301076,1909f56bfc062723c751e8b465ee728b)
Start importing Assets/Prefabs/Win.prefab using Guid(e77d4eb5aaaa8dd4c90dfab472f44b40) Importer(815301076,1909f56bfc062723c751e8b465ee728b)  -> (artifact id: '462e57a948a37707368297b23e2a34ff') in 0.020221 seconds 
  Import took 0.034110 seconds .

========================================================================
Received Import Request.
  Time since last request: 13.545058 seconds.
  path: Assets/Prefabs/Win.prefab
  artifactKey: Guid(e77d4eb5aaaa8dd4c90dfab472f44b40) Importer(815301076,1909f56bfc062723c751e8b465ee728b)
Start importing Assets/Prefabs/Win.prefab using Guid(e77d4eb5aaaa8dd4c90dfab472f44b40) Importer(815301076,1909f56bfc062723c751e8b465ee728b)  -> (artifact id: '89496d37bf6e3090d6ab13000c34d69a') in 0.020090 seconds 
  Import took 0.034230 seconds .

========================================================================
Received Import Request.
  Time since last request: 3.068028 seconds.
  path: Assets/Prefabs/Win.prefab
  artifactKey: Guid(e77d4eb5aaaa8dd4c90dfab472f44b40) Importer(815301076,1909f56bfc062723c751e8b465ee728b)
Start importing Assets/Prefabs/Win.prefab using Guid(e77d4eb5aaaa8dd4c90dfab472f44b40) Importer(815301076,1909f56bfc062723c751e8b465ee728b)  -> (artifact id: '29fefc92cc8d81ee41d15185af640cde') in 0.019132 seconds 
  Import took 0.027481 seconds .

========================================================================
Received Import Request.
  Time since last request: 3.511202 seconds.
  path: Assets/Prefabs/Win.prefab
  artifactKey: Guid(e77d4eb5aaaa8dd4c90dfab472f44b40) Importer(815301076,1909f56bfc062723c751e8b465ee728b)
Start importing Assets/Prefabs/Win.prefab using Guid(e77d4eb5aaaa8dd4c90dfab472f44b40) Importer(815301076,1909f56bfc062723c751e8b465ee728b)  -> (artifact id: '14b7414348ebfe551dea5fe053c9a6f5') in 0.024387 seconds 
  Import took 0.036466 seconds .

========================================================================
Received Import Request.
  Time since last request: 5.316828 seconds.
  path: Assets/Prefabs/Win.prefab
  artifactKey: Guid(e77d4eb5aaaa8dd4c90dfab472f44b40) Importer(815301076,1909f56bfc062723c751e8b465ee728b)
Start importing Assets/Prefabs/Win.prefab using Guid(e77d4eb5aaaa8dd4c90dfab472f44b40) Importer(815301076,1909f56bfc062723c751e8b465ee728b)  -> (artifact id: '5af1294a91cc748bac060bb2ae14b152') in 0.022976 seconds 
  Import took 0.035947 seconds .

========================================================================
Received Import Request.
  Time since last request: 8.125886 seconds.
  path: Assets/Prefabs/Win.prefab
  artifactKey: Guid(e77d4eb5aaaa8dd4c90dfab472f44b40) Importer(815301076,1909f56bfc062723c751e8b465ee728b)
Start importing Assets/Prefabs/Win.prefab using Guid(e77d4eb5aaaa8dd4c90dfab472f44b40) Importer(815301076,1909f56bfc062723c751e8b465ee728b)  -> (artifact id: '4434eaa334f54ed0eee5392fee91e076') in 0.022626 seconds 
  Import took 0.033450 seconds .

========================================================================
Received Import Request.
  Time since last request: 2.844475 seconds.
  path: Assets/Prefabs/Win.prefab
  artifactKey: Guid(e77d4eb5aaaa8dd4c90dfab472f44b40) Importer(815301076,1909f56bfc062723c751e8b465ee728b)
Start importing Assets/Prefabs/Win.prefab using Guid(e77d4eb5aaaa8dd4c90dfab472f44b40) Importer(815301076,1909f56bfc062723c751e8b465ee728b)  -> (artifact id: 'cbdd520f0789305bb7150c782776fad1') in 0.020411 seconds 
  Import took 0.035445 seconds .

========================================================================
Received Import Request.
  Time since last request: 2.701409 seconds.
  path: Assets/Prefabs/Win.prefab
  artifactKey: Guid(e77d4eb5aaaa8dd4c90dfab472f44b40) Importer(815301076,1909f56bfc062723c751e8b465ee728b)
Start importing Assets/Prefabs/Win.prefab using Guid(e77d4eb5aaaa8dd4c90dfab472f44b40) Importer(815301076,1909f56bfc062723c751e8b465ee728b)  -> (artifact id: '574da8fe678952c8b1c1e1604614ed4e') in 0.017785 seconds 
  Import took 0.029911 seconds .

========================================================================
Received Import Request.
  Time since last request: 2.628690 seconds.
  path: Assets/Prefabs/Win.prefab
  artifactKey: Guid(e77d4eb5aaaa8dd4c90dfab472f44b40) Importer(815301076,1909f56bfc062723c751e8b465ee728b)
Start importing Assets/Prefabs/Win.prefab using Guid(e77d4eb5aaaa8dd4c90dfab472f44b40) Importer(815301076,1909f56bfc062723c751e8b465ee728b)  -> (artifact id: 'c257a5a652a1269e18a3710cba7c9333') in 0.016890 seconds 
  Import took 0.030972 seconds .

========================================================================
Received Import Request.
  Time since last request: 2.706036 seconds.
  path: Assets/Prefabs/Win.prefab
  artifactKey: Guid(e77d4eb5aaaa8dd4c90dfab472f44b40) Importer(815301076,1909f56bfc062723c751e8b465ee728b)
Start importing Assets/Prefabs/Win.prefab using Guid(e77d4eb5aaaa8dd4c90dfab472f44b40) Importer(815301076,1909f56bfc062723c751e8b465ee728b)  -> (artifact id: 'afd4e07c9647d43ace36055190b3aeaa') in 0.019944 seconds 
  Import took 0.032172 seconds .

========================================================================
Received Import Request.
  Time since last request: 2.666043 seconds.
  path: Assets/Prefabs/Win.prefab
  artifactKey: Guid(e77d4eb5aaaa8dd4c90dfab472f44b40) Importer(815301076,1909f56bfc062723c751e8b465ee728b)
Start importing Assets/Prefabs/Win.prefab using Guid(e77d4eb5aaaa8dd4c90dfab472f44b40) Importer(815301076,1909f56bfc062723c751e8b465ee728b)  -> (artifact id: '5aa84a6004e6cb3d53fd2745c9ccf546') in 0.015838 seconds 
  Import took 0.027293 seconds .

========================================================================
Received Prepare
Registering precompiled user dll's ...
Registered in 0.011361 seconds.
Begin MonoManager ReloadAssembly
Native extension for WindowsStandalone target not found
Refreshing native plugins compatible for Editor in 1.37 ms, found 3 plugins.
Preloading 0 native plugins for Editor in 0.00 ms.
Mono: successfully reloaded assembly
- Completed reload, in  2.998 seconds
Domain Reload Profiling:
	ReloadAssembly (3000ms)
		BeginReloadAssembly (394ms)
			ExecutionOrderSort (0ms)
			DisableScriptedObjects (26ms)
			BackupInstance (0ms)
			ReleaseScriptingObjects (0ms)
			CreateAndSetChildDomain (139ms)
		EndReloadAssembly (2404ms)
			LoadAssemblies (287ms)
			RebuildTransferFunctionScriptingTraits (0ms)
			SetupTypeCache (863ms)
			ReleaseScriptCaches (2ms)
			RebuildScriptCaches (114ms)
			SetupLoadedEditorAssemblies (875ms)
				LogAssemblyErrors (0ms)
				InitializePlatformSupportModulesInManaged (18ms)
				SetLoadedEditorAssemblies (2ms)
				RefreshPlugins (2ms)
				BeforeProcessingInitializeOnLoad (247ms)
				ProcessInitializeOnLoadAttributes (581ms)
				ProcessInitializeOnLoadMethodAttributes (12ms)
				AfterProcessingInitializeOnLoad (12ms)
				EditorAssembliesLoaded (0ms)
			ExecutionOrderSort2 (0ms)
			AwakeInstancesAfterBackupRestoration (31ms)
Platform modules already initialized, skipping
Refreshing native plugins compatible for Editor in 1.38 ms, found 3 plugins.
Preloading 0 native plugins for Editor in 0.00 ms.
Unloading 2091 Unused Serialized files (Serialized files now loaded: 0)
System memory in use before: 94.1 MB.
System memory in use after: 94.2 MB.

Unloading 15 unused Assets to reduce memory usage. Loaded Objects now: 2569.
Total: 7.526200 ms (FindLiveObjects: 0.319300 ms CreateObjectMapping: 0.143200 ms MarkObjects: 6.992600 ms  DeleteObjects: 0.065700 ms)

AssetImportParameters requested are different than current active one (requested -> active):
  custom:framework-win-MediaFoundation: 216162199b28c13a410421893ffa2e32 -> 
  custom:video-decoder-ogg-theora: a1e56fd34408186e4bbccfd4996cb3dc -> 
  custom:container-muxer-webm: aa71ff27fc2769a1b78a27578f13a17b -> 
  custom:container-demuxer-webm: 4f35f7cbe854078d1ac9338744f61a02 -> 
  custom:container-demuxer-ogg: 62fdf1f143b41e24485cea50d1cbac27 -> 
  custom:video-encoder-webm-vp8: eb34c28f22e8b96e1ab97ce403110664 -> 
  custom:video-decoder-webm-vp8: 9c59270c3fd7afecdb556c50c9e8de78 -> 
  custom:audio-decoder-ogg-vorbis: bf7c407c2cedff20999df2af8eb42d56 -> 
  custom:audio-encoder-webm-vorbis: bf7c407c2cedff20999df2af8eb42d56 -> 
========================================================================
Received Import Request.
  Time since last request: 62.403465 seconds.
  path: Assets/Script/Win.cs
  artifactKey: Guid(9e5963d43343a064b8ad953e0515f13e) Importer(815301076,1909f56bfc062723c751e8b465ee728b)
Start importing Assets/Script/Win.cs using Guid(9e5963d43343a064b8ad953e0515f13e) Importer(815301076,1909f56bfc062723c751e8b465ee728b)  -> (artifact id: 'd828f213c9ba201a0edca8c8890b4209') in 0.083720 seconds 
  Import took 0.095086 seconds .

========================================================================
Received Prepare
Registering precompiled user dll's ...
Registered in 0.008090 seconds.
Begin MonoManager ReloadAssembly
Native extension for WindowsStandalone target not found
Refreshing native plugins compatible for Editor in 1.60 ms, found 3 plugins.
Preloading 0 native plugins for Editor in 0.00 ms.
Mono: successfully reloaded assembly
- Completed reload, in  2.947 seconds
Domain Reload Profiling:
	ReloadAssembly (2948ms)
		BeginReloadAssembly (291ms)
			ExecutionOrderSort (0ms)
			DisableScriptedObjects (20ms)
			BackupInstance (0ms)
			ReleaseScriptingObjects (0ms)
			CreateAndSetChildDomain (88ms)
		EndReloadAssembly (2425ms)
			LoadAssemblies (292ms)
			RebuildTransferFunctionScriptingTraits (0ms)
			SetupTypeCache (841ms)
			ReleaseScriptCaches (2ms)
			RebuildScriptCaches (115ms)
			SetupLoadedEditorAssemblies (894ms)
				LogAssemblyErrors (0ms)
				InitializePlatformSupportModulesInManaged (14ms)
				SetLoadedEditorAssemblies (2ms)
				RefreshPlugins (2ms)
				BeforeProcessingInitializeOnLoad (261ms)
				ProcessInitializeOnLoadAttributes (583ms)
				ProcessInitializeOnLoadMethodAttributes (16ms)
				AfterProcessingInitializeOnLoad (16ms)
				EditorAssembliesLoaded (0ms)
			ExecutionOrderSort2 (0ms)
			AwakeInstancesAfterBackupRestoration (22ms)
Platform modules already initialized, skipping
Refreshing native plugins compatible for Editor in 0.88 ms, found 3 plugins.
Preloading 0 native plugins for Editor in 0.00 ms.
Unloading 2091 Unused Serialized files (Serialized files now loaded: 0)
System memory in use before: 94.1 MB.
System memory in use after: 94.2 MB.

Unloading 14 unused Assets to reduce memory usage. Loaded Objects now: 2572.
Total: 7.757500 ms (FindLiveObjects: 0.422800 ms CreateObjectMapping: 0.191600 ms MarkObjects: 7.091300 ms  DeleteObjects: 0.048900 ms)

AssetImportParameters requested are different than current active one (requested -> active):
  custom:framework-win-MediaFoundation: 216162199b28c13a410421893ffa2e32 -> 
  custom:video-decoder-ogg-theora: a1e56fd34408186e4bbccfd4996cb3dc -> 
  custom:container-muxer-webm: aa71ff27fc2769a1b78a27578f13a17b -> 
  custom:container-demuxer-webm: 4f35f7cbe854078d1ac9338744f61a02 -> 
  custom:container-demuxer-ogg: 62fdf1f143b41e24485cea50d1cbac27 -> 
  custom:video-encoder-webm-vp8: eb34c28f22e8b96e1ab97ce403110664 -> 
  custom:video-decoder-webm-vp8: 9c59270c3fd7afecdb556c50c9e8de78 -> 
  custom:audio-decoder-ogg-vorbis: bf7c407c2cedff20999df2af8eb42d56 -> 
  custom:audio-encoder-webm-vorbis: bf7c407c2cedff20999df2af8eb42d56 -> 
========================================================================
Received Prepare
Registering precompiled user dll's ...
Registered in 0.008387 seconds.
Begin MonoManager ReloadAssembly
Native extension for WindowsStandalone target not found
Refreshing native plugins compatible for Editor in 1.29 ms, found 3 plugins.
Preloading 0 native plugins for Editor in 0.00 ms.
Mono: successfully reloaded assembly
- Completed reload, in  2.983 seconds
Domain Reload Profiling:
	ReloadAssembly (2985ms)
		BeginReloadAssembly (304ms)
			ExecutionOrderSort (0ms)
			DisableScriptedObjects (20ms)
			BackupInstance (0ms)
			ReleaseScriptingObjects (0ms)
			CreateAndSetChildDomain (100ms)
		EndReloadAssembly (2449ms)
			LoadAssemblies (273ms)
			RebuildTransferFunctionScriptingTraits (0ms)
			SetupTypeCache (903ms)
			ReleaseScriptCaches (3ms)
			RebuildScriptCaches (147ms)
			SetupLoadedEditorAssemblies (846ms)
				LogAssemblyErrors (0ms)
				InitializePlatformSupportModulesInManaged (13ms)
				SetLoadedEditorAssemblies (1ms)
				RefreshPlugins (1ms)
				BeforeProcessingInitializeOnLoad (256ms)
				ProcessInitializeOnLoadAttributes (548ms)
				ProcessInitializeOnLoadMethodAttributes (15ms)
				AfterProcessingInitializeOnLoad (11ms)
				EditorAssembliesLoaded (0ms)
			ExecutionOrderSort2 (0ms)
			AwakeInstancesAfterBackupRestoration (32ms)
Platform modules already initialized, skipping
Refreshing native plugins compatible for Editor in 1.17 ms, found 3 plugins.
Preloading 0 native plugins for Editor in 0.00 ms.
Unloading 2091 Unused Serialized files (Serialized files now loaded: 0)
System memory in use before: 94.1 MB.
System memory in use after: 94.2 MB.

Unloading 14 unused Assets to reduce memory usage. Loaded Objects now: 2575.
Total: 17.579300 ms (FindLiveObjects: 1.071000 ms CreateObjectMapping: 0.239000 ms MarkObjects: 16.218100 ms  DeleteObjects: 0.047000 ms)

AssetImportParameters requested are different than current active one (requested -> active):
  custom:framework-win-MediaFoundation: 216162199b28c13a410421893ffa2e32 -> 
  custom:video-decoder-ogg-theora: a1e56fd34408186e4bbccfd4996cb3dc -> 
  custom:container-muxer-webm: aa71ff27fc2769a1b78a27578f13a17b -> 
  custom:container-demuxer-webm: 4f35f7cbe854078d1ac9338744f61a02 -> 
  custom:container-demuxer-ogg: 62fdf1f143b41e24485cea50d1cbac27 -> 
  custom:video-encoder-webm-vp8: eb34c28f22e8b96e1ab97ce403110664 -> 
  custom:video-decoder-webm-vp8: 9c59270c3fd7afecdb556c50c9e8de78 -> 
  custom:audio-decoder-ogg-vorbis: bf7c407c2cedff20999df2af8eb42d56 -> 
  custom:audio-encoder-webm-vorbis: bf7c407c2cedff20999df2af8eb42d56 -> 
========================================================================
Received Import Request.
  Time since last request: 263.552983 seconds.
  path: Assets/Scenes/Animation Corner.unity
  artifactKey: Guid(ea465bd00b2e03b4aa6daf3ce43a07fa) Importer(815301076,1909f56bfc062723c751e8b465ee728b)
Start importing Assets/Scenes/Animation Corner.unity using Guid(ea465bd00b2e03b4aa6daf3ce43a07fa) Importer(815301076,1909f56bfc062723c751e8b465ee728b)  -> (artifact id: '2951dca1b4bdb9d3fc7c98dd8ed11888') in 0.058537 seconds 
  Import took 0.071068 seconds .

========================================================================
Received Prepare
Registering precompiled user dll's ...
Registered in 0.010421 seconds.
Begin MonoManager ReloadAssembly
Native extension for WindowsStandalone target not found
Refreshing native plugins compatible for Editor in 1.23 ms, found 3 plugins.
Preloading 0 native plugins for Editor in 0.00 ms.
Mono: successfully reloaded assembly
- Completed reload, in  4.215 seconds
Domain Reload Profiling:
	ReloadAssembly (4216ms)
		BeginReloadAssembly (485ms)
			ExecutionOrderSort (0ms)
			DisableScriptedObjects (25ms)
			BackupInstance (0ms)
			ReleaseScriptingObjects (0ms)
			CreateAndSetChildDomain (219ms)
		EndReloadAssembly (3497ms)
			LoadAssemblies (322ms)
			RebuildTransferFunctionScriptingTraits (0ms)
			SetupTypeCache (1155ms)
			ReleaseScriptCaches (3ms)
			RebuildScriptCaches (198ms)
			SetupLoadedEditorAssemblies (1357ms)
				LogAssemblyErrors (0ms)
				InitializePlatformSupportModulesInManaged (22ms)
				SetLoadedEditorAssemblies (2ms)
				RefreshPlugins (1ms)
				BeforeProcessingInitializeOnLoad (423ms)
				ProcessInitializeOnLoadAttributes (860ms)
				ProcessInitializeOnLoadMethodAttributes (26ms)
				AfterProcessingInitializeOnLoad (22ms)
				EditorAssembliesLoaded (0ms)
			ExecutionOrderSort2 (0ms)
			AwakeInstancesAfterBackupRestoration (42ms)
Platform modules already initialized, skipping
Refreshing native plugins compatible for Editor in 1.07 ms, found 3 plugins.
Preloading 0 native plugins for Editor in 0.00 ms.
Unloading 2091 Unused Serialized files (Serialized files now loaded: 0)
System memory in use before: 94.1 MB.
System memory in use after: 94.2 MB.

Unloading 14 unused Assets to reduce memory usage. Loaded Objects now: 2578.
Total: 12.268200 ms (FindLiveObjects: 0.614400 ms CreateObjectMapping: 0.210400 ms MarkObjects: 11.399200 ms  DeleteObjects: 0.039300 ms)

AssetImportParameters requested are different than current active one (requested -> active):
  custom:framework-win-MediaFoundation: 216162199b28c13a410421893ffa2e32 -> 
  custom:video-decoder-ogg-theora: a1e56fd34408186e4bbccfd4996cb3dc -> 
  custom:container-muxer-webm: aa71ff27fc2769a1b78a27578f13a17b -> 
  custom:container-demuxer-webm: 4f35f7cbe854078d1ac9338744f61a02 -> 
  custom:container-demuxer-ogg: 62fdf1f143b41e24485cea50d1cbac27 -> 
  custom:video-encoder-webm-vp8: eb34c28f22e8b96e1ab97ce403110664 -> 
  custom:video-decoder-webm-vp8: 9c59270c3fd7afecdb556c50c9e8de78 -> 
  custom:audio-decoder-ogg-vorbis: bf7c407c2cedff20999df2af8eb42d56 -> 
  custom:audio-encoder-webm-vorbis: bf7c407c2cedff20999df2af8eb42d56 -> 
========================================================================
Received Prepare
Registering precompiled user dll's ...
Registered in 0.010473 seconds.
Begin MonoManager ReloadAssembly
Native extension for WindowsStandalone target not found
Refreshing native plugins compatible for Editor in 1.38 ms, found 3 plugins.
Preloading 0 native plugins for Editor in 0.00 ms.
Mono: successfully reloaded assembly
- Completed reload, in  2.940 seconds
Domain Reload Profiling:
	ReloadAssembly (2941ms)
		BeginReloadAssembly (288ms)
			ExecutionOrderSort (0ms)
			DisableScriptedObjects (17ms)
			BackupInstance (0ms)
			ReleaseScriptingObjects (0ms)
			CreateAndSetChildDomain (79ms)
		EndReloadAssembly (2445ms)
			LoadAssemblies (273ms)
			RebuildTransferFunctionScriptingTraits (0ms)
			SetupTypeCache (800ms)
			ReleaseScriptCaches (2ms)
			RebuildScriptCaches (134ms)
			SetupLoadedEditorAssemblies (963ms)
				LogAssemblyErrors (0ms)
				InitializePlatformSupportModulesInManaged (15ms)
				SetLoadedEditorAssemblies (1ms)
				RefreshPlugins (2ms)
				BeforeProcessingInitializeOnLoad (301ms)
				ProcessInitializeOnLoadAttributes (613ms)
				ProcessInitializeOnLoadMethodAttributes (14ms)
				AfterProcessingInitializeOnLoad (17ms)
				EditorAssembliesLoaded (0ms)
			ExecutionOrderSort2 (0ms)
			AwakeInstancesAfterBackupRestoration (38ms)
Platform modules already initialized, skipping
Refreshing native plugins compatible for Editor in 1.32 ms, found 3 plugins.
Preloading 0 native plugins for Editor in 0.00 ms.
Unloading 2091 Unused Serialized files (Serialized files now loaded: 0)
System memory in use before: 94.1 MB.
System memory in use after: 94.2 MB.

Unloading 14 unused Assets to reduce memory usage. Loaded Objects now: 2581.
Total: 9.784200 ms (FindLiveObjects: 0.473700 ms CreateObjectMapping: 0.162600 ms MarkObjects: 9.101600 ms  DeleteObjects: 0.043200 ms)

AssetImportParameters requested are different than current active one (requested -> active):
  custom:framework-win-MediaFoundation: 216162199b28c13a410421893ffa2e32 -> 
  custom:video-decoder-ogg-theora: a1e56fd34408186e4bbccfd4996cb3dc -> 
  custom:container-muxer-webm: aa71ff27fc2769a1b78a27578f13a17b -> 
  custom:container-demuxer-webm: 4f35f7cbe854078d1ac9338744f61a02 -> 
  custom:container-demuxer-ogg: 62fdf1f143b41e24485cea50d1cbac27 -> 
  custom:video-encoder-webm-vp8: eb34c28f22e8b96e1ab97ce403110664 -> 
  custom:video-decoder-webm-vp8: 9c59270c3fd7afecdb556c50c9e8de78 -> 
  custom:audio-decoder-ogg-vorbis: bf7c407c2cedff20999df2af8eb42d56 -> 
  custom:audio-encoder-webm-vorbis: bf7c407c2cedff20999df2af8eb42d56 -> 
========================================================================
Received Import Request.
  Time since last request: 358.175397 seconds.
  path: Assets/Prefabs/Win.prefab
  artifactKey: Guid(e77d4eb5aaaa8dd4c90dfab472f44b40) Importer(815301076,1909f56bfc062723c751e8b465ee728b)
Start importing Assets/Prefabs/Win.prefab using Guid(e77d4eb5aaaa8dd4c90dfab472f44b40) Importer(815301076,1909f56bfc062723c751e8b465ee728b)  -> (artifact id: '1dc769b401cbda7f7eb5b534248a7d16') in 0.144205 seconds 
  Import took 0.158882 seconds .

========================================================================
Received Import Request.
  Time since last request: 3.491569 seconds.
  path: Assets/TextMesh Pro/Resources/Style Sheets/Default Style Sheet.asset
  artifactKey: Guid(f952c082cb03451daed3ee968ac6c63e) Importer(815301076,1909f56bfc062723c751e8b465ee728b)
Start importing Assets/TextMesh Pro/Resources/Style Sheets/Default Style Sheet.asset using Guid(f952c082cb03451daed3ee968ac6c63e) Importer(815301076,1909f56bfc062723c751e8b465ee728b)  -> (artifact id: 'fe7d18d05c5cb4771e20e1f22d6e6f31') in 0.034252 seconds 
  Import took 0.048370 seconds .

========================================================================
Received Import Request.
  Time since last request: 1.761535 seconds.
  path: Assets/TextMesh Pro/Resources/Sprite Assets/EmojiOne.asset
  artifactKey: Guid(c41005c129ba4d66911b75229fd70b45) Importer(815301076,1909f56bfc062723c751e8b465ee728b)
Start importing Assets/TextMesh Pro/Resources/Sprite Assets/EmojiOne.asset using Guid(c41005c129ba4d66911b75229fd70b45) Importer(815301076,1909f56bfc062723c751e8b465ee728b)  -> (artifact id: 'ae9630bc5d9b3a5dfb6959979e721fb4') in 0.046317 seconds 
  Import took 0.056901 seconds .

========================================================================
Received Import Request.
  Time since last request: 1.154927 seconds.
  path: Assets/TextMesh Pro/Sprites/EmojiOne.png
  artifactKey: Guid(dffef66376be4fa480fb02b19edbe903) Importer(815301076,1909f56bfc062723c751e8b465ee728b)
Start importing Assets/TextMesh Pro/Sprites/EmojiOne.png using Guid(dffef66376be4fa480fb02b19edbe903) Importer(815301076,1909f56bfc062723c751e8b465ee728b)  -> (artifact id: '15770c780ebad2127a7dba05b3837a4c') in 0.205434 seconds 
  Import took 0.216528 seconds .

========================================================================
Received Import Request.
  Time since last request: 0.400424 seconds.
  path: Assets/TextMesh Pro/Fonts/LiberationSans.ttf
  artifactKey: Guid(e3265ab4bf004d28a9537516768c1c75) Importer(815301076,1909f56bfc062723c751e8b465ee728b)
Start importing Assets/TextMesh Pro/Fonts/LiberationSans.ttf using Guid(e3265ab4bf004d28a9537516768c1c75) Importer(815301076,1909f56bfc062723c751e8b465ee728b)  -> (artifact id: 'cec1587b7129bde4b287cc77833a66ca') in 0.283056 seconds 
  Import took 0.292409 seconds .

========================================================================
Received Import Request.
  Time since last request: 0.010227 seconds.
  path: Assets/TextMesh Pro/Fonts/LiberationSans.ttf
  artifactKey: Guid(e3265ab4bf004d28a9537516768c1c75) Importer(815301076,1909f56bfc062723c751e8b465ee728b)
Start importing Assets/TextMesh Pro/Fonts/LiberationSans.ttf using Guid(e3265ab4bf004d28a9537516768c1c75) Importer(815301076,1909f56bfc062723c751e8b465ee728b)  -> (artifact id: 'cec1587b7129bde4b287cc77833a66ca') in 0.039357 seconds 
  Import took 0.053062 seconds .

========================================================================
Received Import Request.
  Time since last request: 1.617207 seconds.
  path: Assets/TextMesh Pro/Resources/Fonts & Materials/LiberationSans SDF.asset
  artifactKey: Guid(8f586378b4e144a9851e7b34d9b748ee) Importer(815301076,1909f56bfc062723c751e8b465ee728b)
Start importing Assets/TextMesh Pro/Resources/Fonts & Materials/LiberationSans SDF.asset using Guid(8f586378b4e144a9851e7b34d9b748ee) Importer(815301076,1909f56bfc062723c751e8b465ee728b)  -> (artifact id: 'f8b7c8c3e3c9a45adbdca63c88707d17') in 0.218372 seconds 
  Import took 0.229258 seconds .

========================================================================
Received Import Request.
  Time since last request: 0.008558 seconds.
  path: Assets/TextMesh Pro/Resources/Fonts & Materials/LiberationSans SDF.asset
  artifactKey: Guid(8f586378b4e144a9851e7b34d9b748ee) Importer(815301076,1909f56bfc062723c751e8b465ee728b)
Start importing Assets/TextMesh Pro/Resources/Fonts & Materials/LiberationSans SDF.asset using Guid(8f586378b4e144a9851e7b34d9b748ee) Importer(815301076,1909f56bfc062723c751e8b465ee728b)  -> (artifact id: 'f8b7c8c3e3c9a45adbdca63c88707d17') in 0.131536 seconds 
  Import took 0.143090 seconds .

========================================================================
Received Import Request.
  Time since last request: 0.255960 seconds.
  path: Assets/TextMesh Pro/Resources/Fonts & Materials/LiberationSans SDF - Drop Shadow.mat
  artifactKey: Guid(e73a58f6e2794ae7b1b7e50b7fb811b0) Importer(815301076,1909f56bfc062723c751e8b465ee728b)
Start importing Assets/TextMesh Pro/Resources/Fonts & Materials/LiberationSans SDF - Drop Shadow.mat using Guid(e73a58f6e2794ae7b1b7e50b7fb811b0) Importer(815301076,1909f56bfc062723c751e8b465ee728b)  -> (artifact id: '482a362b8fe5ce36b302051eaf90a735') in 0.129755 seconds 
  Import took 0.143288 seconds .

========================================================================
Received Import Request.
  Time since last request: 0.000586 seconds.
  path: Assets/TextMesh Pro/Resources/Fonts & Materials/LiberationSans SDF - Fallback.asset
  artifactKey: Guid(2e498d1c8094910479dc3e1b768306a4) Importer(815301076,1909f56bfc062723c751e8b465ee728b)
Start importing Assets/TextMesh Pro/Resources/Fonts & Materials/LiberationSans SDF - Fallback.asset using Guid(2e498d1c8094910479dc3e1b768306a4) Importer(815301076,1909f56bfc062723c751e8b465ee728b)  -> (artifact id: '73c4f4f2da4d2ab57d901e0f40ae3f2f') in 0.067770 seconds 
  Import took 0.077918 seconds .

========================================================================
Received Import Request.
  Time since last request: 0.090828 seconds.
  path: Assets/TextMesh Pro/Resources/Fonts & Materials/LiberationSans SDF - Outline.mat
  artifactKey: Guid(79459efec17a4d00a321bdcc27bbc385) Importer(815301076,1909f56bfc062723c751e8b465ee728b)
Start importing Assets/TextMesh Pro/Resources/Fonts & Materials/LiberationSans SDF - Outline.mat using Guid(79459efec17a4d00a321bdcc27bbc385) Importer(815301076,1909f56bfc062723c751e8b465ee728b)  -> (artifact id: '73bfc51c5222557aa47c55c3d1b82acd') in 0.217485 seconds 
  Import took 0.228984 seconds .

========================================================================
Received Import Request.
  Time since last request: 1.588826 seconds.
  path: Assets/Sprites/Player/Player.prefab
  artifactKey: Guid(8804e27dde0d4fe4e8967e8f3bd144bd) Importer(815301076,1909f56bfc062723c751e8b465ee728b)
Start importing Assets/Sprites/Player/Player.prefab using Guid(8804e27dde0d4fe4e8967e8f3bd144bd) Importer(815301076,1909f56bfc062723c751e8b465ee728b)  -> (artifact id: '008ce8eac22d23d363d5dffc3ce04dd4') in 0.203260 seconds 
  Import took 0.215261 seconds .

========================================================================
Received Import Request.
  Time since last request: 0.002579 seconds.
  path: Assets/Sprites/Player/Player.prefab
  artifactKey: Guid(8804e27dde0d4fe4e8967e8f3bd144bd) Importer(815301076,1909f56bfc062723c751e8b465ee728b)
Start importing Assets/Sprites/Player/Player.prefab using Guid(8804e27dde0d4fe4e8967e8f3bd144bd) Importer(815301076,1909f56bfc062723c751e8b465ee728b)  -> (artifact id: '008ce8eac22d23d363d5dffc3ce04dd4') in 0.040613 seconds 
  Import took 0.054502 seconds .

========================================================================
Received Import Request.
  Time since last request: 9.017793 seconds.
  path: Assets/Prefabs/Win.prefab
  artifactKey: Guid(e77d4eb5aaaa8dd4c90dfab472f44b40) Importer(815301076,1909f56bfc062723c751e8b465ee728b)
Start importing Assets/Prefabs/Win.prefab using Guid(e77d4eb5aaaa8dd4c90dfab472f44b40) Importer(815301076,1909f56bfc062723c751e8b465ee728b)  -> (artifact id: '4a2340497e2c74a23d892dbca9f6a340') in 0.020260 seconds 
  Import took 0.031116 seconds .

========================================================================
Received Import Request.
  Time since last request: 116.773386 seconds.
  path: Assets/Prefabs/Win.prefab
  artifactKey: Guid(e77d4eb5aaaa8dd4c90dfab472f44b40) Importer(815301076,1909f56bfc062723c751e8b465ee728b)
Start importing Assets/Prefabs/Win.prefab using Guid(e77d4eb5aaaa8dd4c90dfab472f44b40) Importer(815301076,1909f56bfc062723c751e8b465ee728b)  -> (artifact id: 'a4438b930d408f4767a646f5b9af7e8f') in 0.026480 seconds 
  Import took 0.039798 seconds .

========================================================================
Received Import Request.
  Time since last request: 6.814727 seconds.
  path: Assets/Prefabs/Win.prefab
  artifactKey: Guid(e77d4eb5aaaa8dd4c90dfab472f44b40) Importer(815301076,1909f56bfc062723c751e8b465ee728b)
Start importing Assets/Prefabs/Win.prefab using Guid(e77d4eb5aaaa8dd4c90dfab472f44b40) Importer(815301076,1909f56bfc062723c751e8b465ee728b)  -> (artifact id: 'ec6a9b23b152a42332b28b88e09ba8a4') in 0.019131 seconds 
  Import took 0.033227 seconds .

========================================================================
Received Import Request.
  Time since last request: 3.858954 seconds.
  path: Assets/Prefabs/Win.prefab
  artifactKey: Guid(e77d4eb5aaaa8dd4c90dfab472f44b40) Importer(815301076,1909f56bfc062723c751e8b465ee728b)
Start importing Assets/Prefabs/Win.prefab using Guid(e77d4eb5aaaa8dd4c90dfab472f44b40) Importer(815301076,1909f56bfc062723c751e8b465ee728b)  -> (artifact id: '4da1aad2e23e09fd1e6a3b0207fffd60') in 0.017373 seconds 
  Import took 0.029777 seconds .

========================================================================
Received Import Request.
  Time since last request: 29.978639 seconds.
  path: Assets/Prefabs/Win.prefab
  artifactKey: Guid(e77d4eb5aaaa8dd4c90dfab472f44b40) Importer(815301076,1909f56bfc062723c751e8b465ee728b)
Start importing Assets/Prefabs/Win.prefab using Guid(e77d4eb5aaaa8dd4c90dfab472f44b40) Importer(815301076,1909f56bfc062723c751e8b465ee728b)  -> (artifact id: '2f2fc58e24bf555a8e25b09d2faae200') in 0.022598 seconds 
  Import took 0.033959 seconds .

========================================================================
Received Import Request.
  Time since last request: 3.758620 seconds.
  path: Assets/Prefabs/Win.prefab
  artifactKey: Guid(e77d4eb5aaaa8dd4c90dfab472f44b40) Importer(815301076,1909f56bfc062723c751e8b465ee728b)
Start importing Assets/Prefabs/Win.prefab using Guid(e77d4eb5aaaa8dd4c90dfab472f44b40) Importer(815301076,1909f56bfc062723c751e8b465ee728b)  -> (artifact id: 'b0037ce78bea788ffd135b1197cd5eb2') in 0.017889 seconds 
  Import took 0.029947 seconds .

========================================================================
Received Import Request.
  Time since last request: 182.263588 seconds.
  path: Assets/Prefabs/Win.prefab
  artifactKey: Guid(e77d4eb5aaaa8dd4c90dfab472f44b40) Importer(815301076,1909f56bfc062723c751e8b465ee728b)
Start importing Assets/Prefabs/Win.prefab using Guid(e77d4eb5aaaa8dd4c90dfab472f44b40) Importer(815301076,1909f56bfc062723c751e8b465ee728b)  -> (artifact id: 'e31fe66b9b64fb923adb24a009184df4') in 0.019133 seconds 
  Import took 0.034540 seconds .

========================================================================
Received Prepare
Registering precompiled user dll's ...
Registered in 0.011643 seconds.
Begin MonoManager ReloadAssembly
Native extension for WindowsStandalone target not found
Refreshing native plugins compatible for Editor in 1.16 ms, found 3 plugins.
Preloading 0 native plugins for Editor in 0.00 ms.
Mono: successfully reloaded assembly
- Completed reload, in  3.029 seconds
Domain Reload Profiling:
	ReloadAssembly (3030ms)
		BeginReloadAssembly (283ms)
			ExecutionOrderSort (0ms)
			DisableScriptedObjects (14ms)
			BackupInstance (0ms)
			ReleaseScriptingObjects (0ms)
			CreateAndSetChildDomain (89ms)
		EndReloadAssembly (2549ms)
			LoadAssemblies (266ms)
			RebuildTransferFunctionScriptingTraits (0ms)
			SetupTypeCache (925ms)
			ReleaseScriptCaches (2ms)
			RebuildScriptCaches (130ms)
			SetupLoadedEditorAssemblies (918ms)
				LogAssemblyErrors (0ms)
				InitializePlatformSupportModulesInManaged (16ms)
				SetLoadedEditorAssemblies (2ms)
				RefreshPlugins (1ms)
				BeforeProcessingInitializeOnLoad (248ms)
				ProcessInitializeOnLoadAttributes (618ms)
				ProcessInitializeOnLoadMethodAttributes (18ms)
				AfterProcessingInitializeOnLoad (16ms)
				EditorAssembliesLoaded (0ms)
			ExecutionOrderSort2 (0ms)
			AwakeInstancesAfterBackupRestoration (34ms)
Platform modules already initialized, skipping
Refreshing native plugins compatible for Editor in 1.21 ms, found 3 plugins.
Preloading 0 native plugins for Editor in 0.00 ms.
Unloading 2091 Unused Serialized files (Serialized files now loaded: 0)
System memory in use before: 97.5 MB.
System memory in use after: 97.6 MB.

Unloading 14 unused Assets to reduce memory usage. Loaded Objects now: 2629.
Total: 9.089800 ms (FindLiveObjects: 0.489100 ms CreateObjectMapping: 0.151600 ms MarkObjects: 8.399200 ms  DeleteObjects: 0.046600 ms)

AssetImportParameters requested are different than current active one (requested -> active):
  custom:framework-win-MediaFoundation: 216162199b28c13a410421893ffa2e32 -> 
  custom:video-decoder-ogg-theora: a1e56fd34408186e4bbccfd4996cb3dc -> 
  custom:container-muxer-webm: aa71ff27fc2769a1b78a27578f13a17b -> 
  custom:container-demuxer-webm: 4f35f7cbe854078d1ac9338744f61a02 -> 
  custom:container-demuxer-ogg: 62fdf1f143b41e24485cea50d1cbac27 -> 
  custom:video-encoder-webm-vp8: eb34c28f22e8b96e1ab97ce403110664 -> 
  custom:video-decoder-webm-vp8: 9c59270c3fd7afecdb556c50c9e8de78 -> 
  custom:audio-decoder-ogg-vorbis: bf7c407c2cedff20999df2af8eb42d56 -> 
  custom:audio-encoder-webm-vorbis: bf7c407c2cedff20999df2af8eb42d56 -> 
========================================================================
Received Prepare
Registering precompiled user dll's ...
Registered in 0.005501 seconds.
Begin MonoManager ReloadAssembly
Native extension for WindowsStandalone target not found
Refreshing native plugins compatible for Editor in 1.25 ms, found 3 plugins.
Preloading 0 native plugins for Editor in 0.00 ms.
Mono: successfully reloaded assembly
- Completed reload, in  4.453 seconds
Domain Reload Profiling:
	ReloadAssembly (4455ms)
		BeginReloadAssembly (381ms)
			ExecutionOrderSort (0ms)
			DisableScriptedObjects (22ms)
			BackupInstance (0ms)
			ReleaseScriptingObjects (0ms)
			CreateAndSetChildDomain (106ms)
		EndReloadAssembly (3783ms)
			LoadAssemblies (366ms)
			RebuildTransferFunctionScriptingTraits (0ms)
			SetupTypeCache (1095ms)
			ReleaseScriptCaches (2ms)
			RebuildScriptCaches (197ms)
			SetupLoadedEditorAssemblies (1611ms)
				LogAssemblyErrors (0ms)
				InitializePlatformSupportModulesInManaged (26ms)
				SetLoadedEditorAssemblies (2ms)
				RefreshPlugins (1ms)
				BeforeProcessingInitializeOnLoad (432ms)
				ProcessInitializeOnLoadAttributes (1097ms)
				ProcessInitializeOnLoadMethodAttributes (28ms)
				AfterProcessingInitializeOnLoad (24ms)
				EditorAssembliesLoaded (1ms)
			ExecutionOrderSort2 (0ms)
			AwakeInstancesAfterBackupRestoration (53ms)
Platform modules already initialized, skipping
Refreshing native plugins compatible for Editor in 1.04 ms, found 3 plugins.
Preloading 0 native plugins for Editor in 0.00 ms.
Unloading 2091 Unused Serialized files (Serialized files now loaded: 0)
System memory in use before: 97.5 MB.
System memory in use after: 97.6 MB.

Unloading 14 unused Assets to reduce memory usage. Loaded Objects now: 2632.
Total: 10.036500 ms (FindLiveObjects: 0.453200 ms CreateObjectMapping: 0.154700 ms MarkObjects: 9.341400 ms  DeleteObjects: 0.082800 ms)

AssetImportParameters requested are different than current active one (requested -> active):
  custom:framework-win-MediaFoundation: 216162199b28c13a410421893ffa2e32 -> 
  custom:video-decoder-ogg-theora: a1e56fd34408186e4bbccfd4996cb3dc -> 
  custom:container-muxer-webm: aa71ff27fc2769a1b78a27578f13a17b -> 
  custom:container-demuxer-webm: 4f35f7cbe854078d1ac9338744f61a02 -> 
  custom:container-demuxer-ogg: 62fdf1f143b41e24485cea50d1cbac27 -> 
  custom:video-encoder-webm-vp8: eb34c28f22e8b96e1ab97ce403110664 -> 
  custom:video-decoder-webm-vp8: 9c59270c3fd7afecdb556c50c9e8de78 -> 
  custom:audio-decoder-ogg-vorbis: bf7c407c2cedff20999df2af8eb42d56 -> 
  custom:audio-encoder-webm-vorbis: bf7c407c2cedff20999df2af8eb42d56 -> 
========================================================================
Received Prepare
Registering precompiled user dll's ...
Registered in 0.007922 seconds.
Begin MonoManager ReloadAssembly
Native extension for WindowsStandalone target not found
Refreshing native plugins compatible for Editor in 0.77 ms, found 3 plugins.
Preloading 0 native plugins for Editor in 0.00 ms.
Mono: successfully reloaded assembly
- Completed reload, in  2.894 seconds
Domain Reload Profiling:
	ReloadAssembly (2895ms)
		BeginReloadAssembly (299ms)
			ExecutionOrderSort (0ms)
			DisableScriptedObjects (18ms)
			BackupInstance (0ms)
			ReleaseScriptingObjects (0ms)
			CreateAndSetChildDomain (89ms)
		EndReloadAssembly (2414ms)
			LoadAssemblies (241ms)
			RebuildTransferFunctionScriptingTraits (0ms)
			SetupTypeCache (921ms)
			ReleaseScriptCaches (3ms)
			RebuildScriptCaches (132ms)
			SetupLoadedEditorAssemblies (811ms)
				LogAssemblyErrors (0ms)
				InitializePlatformSupportModulesInManaged (13ms)
				SetLoadedEditorAssemblies (1ms)
				RefreshPlugins (1ms)
				BeforeProcessingInitializeOnLoad (223ms)
				ProcessInitializeOnLoadAttributes (545ms)
				ProcessInitializeOnLoadMethodAttributes (15ms)
				AfterProcessingInitializeOnLoad (12ms)
				EditorAssembliesLoaded (0ms)
			ExecutionOrderSort2 (0ms)
			AwakeInstancesAfterBackupRestoration (23ms)
Platform modules already initialized, skipping
Refreshing native plugins compatible for Editor in 1.53 ms, found 3 plugins.
Preloading 0 native plugins for Editor in 0.00 ms.
Unloading 2091 Unused Serialized files (Serialized files now loaded: 0)
System memory in use before: 97.5 MB.
System memory in use after: 97.6 MB.

Unloading 14 unused Assets to reduce memory usage. Loaded Objects now: 2635.
Total: 7.044700 ms (FindLiveObjects: 0.365100 ms CreateObjectMapping: 0.134800 ms MarkObjects: 6.481800 ms  DeleteObjects: 0.059400 ms)

AssetImportParameters requested are different than current active one (requested -> active):
  custom:framework-win-MediaFoundation: 216162199b28c13a410421893ffa2e32 -> 
  custom:video-decoder-ogg-theora: a1e56fd34408186e4bbccfd4996cb3dc -> 
  custom:container-muxer-webm: aa71ff27fc2769a1b78a27578f13a17b -> 
  custom:container-demuxer-webm: 4f35f7cbe854078d1ac9338744f61a02 -> 
  custom:container-demuxer-ogg: 62fdf1f143b41e24485cea50d1cbac27 -> 
  custom:video-encoder-webm-vp8: eb34c28f22e8b96e1ab97ce403110664 -> 
  custom:video-decoder-webm-vp8: 9c59270c3fd7afecdb556c50c9e8de78 -> 
  custom:audio-decoder-ogg-vorbis: bf7c407c2cedff20999df2af8eb42d56 -> 
  custom:audio-encoder-webm-vorbis: bf7c407c2cedff20999df2af8eb42d56 -> 
AssetImportWorkerClient::OnTransportError - code=2 error=End of file
