Using pre-set license
Built from '2020.3/staging' branch; Version is '2020.3.18f1 (a7d1c678663c) revision 10998214'; Using compiler version '192528614'; Build Type 'Release'
OS: 'Windows 10 Education; OS build 19042.928; Version 2009; 64bit' Language: 'sv' Physical Memory: 16064 MB
BatchMode: 1, IsHumanControllingUs: 0, StartBugReporterOnCrash: 0, Is64bit: 1, IsPro: 0

COMMAND LINE ARGUMENTS:
C:\Program Files\Unity\Hub\Editor\2020.3.18f1\Editor\Unity.exe
-adb2
-batchMode
-noUpm
-name
AssetImportWorker0
-projectPath
C:/Users/otis.hildebrand/Documents/GitHub/Spelprojekt_TURRET-H
-logFile
Logs/AssetImportWorker0.log
-srvPort
59429
Successfully changed project path to: C:/Users/otis.hildebrand/Documents/GitHub/Spelprojekt_TURRET-H
C:/Users/otis.hildebrand/Documents/GitHub/Spelprojekt_TURRET-H
Using Asset Import Pipeline V2.
Refreshing native plugins compatible for Editor in 35.02 ms, found 3 plugins.
Preloading 0 native plugins for Editor in 0.00 ms.
Initialize engine version: 2020.3.18f1 (a7d1c678663c)
[Subsystems] Discovering subsystems at path C:/Program Files/Unity/Hub/Editor/2020.3.18f1/Editor/Data/Resources/UnitySubsystems
[Subsystems] Discovering subsystems at path C:/Users/otis.hildebrand/Documents/GitHub/Spelprojekt_TURRET-H/Assets
GfxDevice: creating device client; threaded=0
Direct3D:
    Version:  Direct3D 11.0 [level 11.1]
    Renderer: NVIDIA GeForce MX450 (ID=0x1f97)
    Vendor:   
    VRAM:     1928 MB
    Driver:   30.0.14.9649
Initialize mono
Mono path[0] = 'C:/Program Files/Unity/Hub/Editor/2020.3.18f1/Editor/Data/Managed'
Mono path[1] = 'C:/Program Files/Unity/Hub/Editor/2020.3.18f1/Editor/Data/MonoBleedingEdge/lib/mono/unityjit'
Mono config path = 'C:/Program Files/Unity/Hub/Editor/2020.3.18f1/Editor/Data/MonoBleedingEdge/etc'
Using monoOptions --debugger-agent=transport=dt_socket,embedding=1,server=y,suspend=n,address=127.0.0.1:56236
Begin MonoManager ReloadAssembly
Registering precompiled unity dll's ...
Register platform support module: C:/Program Files/Unity/Hub/Editor/2020.3.18f1/Editor/Data/PlaybackEngines/WindowsStandaloneSupport/UnityEditor.WindowsStandalone.Extensions.dll
Registered in 0.001358 seconds.
Native extension for WindowsStandalone target not found
Refreshing native plugins compatible for Editor in 44.82 ms, found 3 plugins.
Preloading 0 native plugins for Editor in 0.00 ms.
Mono: successfully reloaded assembly
- Completed reload, in  1.292 seconds
Domain Reload Profiling:
	ReloadAssembly (1292ms)
		BeginReloadAssembly (38ms)
			ExecutionOrderSort (0ms)
			DisableScriptedObjects (0ms)
			BackupInstance (0ms)
			ReleaseScriptingObjects (0ms)
			CreateAndSetChildDomain (1ms)
		EndReloadAssembly (371ms)
			LoadAssemblies (37ms)
			RebuildTransferFunctionScriptingTraits (0ms)
			SetupTypeCache (124ms)
			ReleaseScriptCaches (0ms)
			RebuildScriptCaches (27ms)
			SetupLoadedEditorAssemblies (157ms)
				LogAssemblyErrors (0ms)
				InitializePlatformSupportModulesInManaged (3ms)
				SetLoadedEditorAssemblies (0ms)
				RefreshPlugins (45ms)
				BeforeProcessingInitializeOnLoad (15ms)
				ProcessInitializeOnLoadAttributes (70ms)
				ProcessInitializeOnLoadMethodAttributes (22ms)
				AfterProcessingInitializeOnLoad (0ms)
				EditorAssembliesLoaded (0ms)
			ExecutionOrderSort2 (0ms)
			AwakeInstancesAfterBackupRestoration (0ms)
Platform modules already initialized, skipping
Registering precompiled user dll's ...
Registered in 0.002017 seconds.
Begin MonoManager ReloadAssembly
Native extension for WindowsStandalone target not found
Refreshing native plugins compatible for Editor in 36.58 ms, found 3 plugins.
Preloading 0 native plugins for Editor in 0.00 ms.
Mono: successfully reloaded assembly
- Completed reload, in  0.911 seconds
Domain Reload Profiling:
	ReloadAssembly (912ms)
		BeginReloadAssembly (143ms)
			ExecutionOrderSort (0ms)
			DisableScriptedObjects (4ms)
			BackupInstance (0ms)
			ReleaseScriptingObjects (0ms)
			CreateAndSetChildDomain (18ms)
		EndReloadAssembly (712ms)
			LoadAssemblies (84ms)
			RebuildTransferFunctionScriptingTraits (0ms)
			SetupTypeCache (222ms)
			ReleaseScriptCaches (0ms)
			RebuildScriptCaches (37ms)
			SetupLoadedEditorAssemblies (290ms)
				LogAssemblyErrors (0ms)
				InitializePlatformSupportModulesInManaged (3ms)
				SetLoadedEditorAssemblies (0ms)
				RefreshPlugins (37ms)
				BeforeProcessingInitializeOnLoad (70ms)
				ProcessInitializeOnLoadAttributes (165ms)
				ProcessInitializeOnLoadMethodAttributes (10ms)
				AfterProcessingInitializeOnLoad (4ms)
				EditorAssembliesLoaded (0ms)
			ExecutionOrderSort2 (0ms)
			AwakeInstancesAfterBackupRestoration (5ms)
Platform modules already initialized, skipping
========================================================================
Worker process is ready to serve import requests
Launched and connected shader compiler UnityShaderCompiler.exe after 0.05 seconds
Refreshing native plugins compatible for Editor in 0.37 ms, found 3 plugins.
Preloading 0 native plugins for Editor in 0.00 ms.
Unloading 2115 Unused Serialized files (Serialized files now loaded: 0)
System memory in use before: 95.6 MB.
System memory in use after: 95.7 MB.

Unloading 26 unused Assets to reduce memory usage. Loaded Objects now: 2556.
Total: 2.451800 ms (FindLiveObjects: 0.138800 ms CreateObjectMapping: 0.041300 ms MarkObjects: 2.205200 ms  DeleteObjects: 0.065000 ms)

AssetImportParameters requested are different than current active one (requested -> active):
  custom:framework-win-MediaFoundation: 216162199b28c13a410421893ffa2e32 -> 
  custom:video-decoder-ogg-theora: a1e56fd34408186e4bbccfd4996cb3dc -> 
  custom:container-muxer-webm: aa71ff27fc2769a1b78a27578f13a17b -> 
  custom:container-demuxer-webm: 4f35f7cbe854078d1ac9338744f61a02 -> 
  custom:container-demuxer-ogg: 62fdf1f143b41e24485cea50d1cbac27 -> 
  custom:video-encoder-webm-vp8: eb34c28f22e8b96e1ab97ce403110664 -> 
  custom:video-decoder-webm-vp8: 9c59270c3fd7afecdb556c50c9e8de78 -> 
  custom:audio-decoder-ogg-vorbis: bf7c407c2cedff20999df2af8eb42d56 -> 
  custom:audio-encoder-webm-vorbis: bf7c407c2cedff20999df2af8eb42d56 -> 
========================================================================
Received Import Request.
  path: Assets/Prefabs/Entry Room.prefab
  artifactKey: Guid(0c8ba52a28a082b4b9a100156aa93ba6) Importer(815301076,1909f56bfc062723c751e8b465ee728b)
Start importing Assets/Prefabs/Entry Room.prefab using Guid(0c8ba52a28a082b4b9a100156aa93ba6) Importer(815301076,1909f56bfc062723c751e8b465ee728b)  -> (artifact id: '9d3de7928d7309b6bce7829abfa602a7') in 0.085019 seconds 
  Import took 0.088456 seconds .

========================================================================
Received Import Request.
  Time since last request: 0.000278 seconds.
  path: Assets/Prefabs/R.prefab
  artifactKey: Guid(cc432f6fb6eca6e44a37ef578b7e7253) Importer(815301076,1909f56bfc062723c751e8b465ee728b)
Start importing Assets/Prefabs/R.prefab using Guid(cc432f6fb6eca6e44a37ef578b7e7253) Importer(815301076,1909f56bfc062723c751e8b465ee728b)  -> (artifact id: 'f6350dab1c3e1b1db03cab2542f07f73') in 0.017679 seconds 
  Import took 0.021549 seconds .

========================================================================
Received Import Request.
  Time since last request: 0.000207 seconds.
  path: Assets/Prefabs/T.prefab
  artifactKey: Guid(60f409ce4d0ac5949adb3976ec2518e3) Importer(815301076,1909f56bfc062723c751e8b465ee728b)
Start importing Assets/Prefabs/T.prefab using Guid(60f409ce4d0ac5949adb3976ec2518e3) Importer(815301076,1909f56bfc062723c751e8b465ee728b)  -> (artifact id: '3e1f7b605cf124432e73edad1a454d15') in 0.013219 seconds 
  Import took 0.016564 seconds .

========================================================================
Received Import Request.
  Time since last request: 0.000235 seconds.
  path: Assets/Prefabs/B.prefab
  artifactKey: Guid(cb392e147457b4f4fa2c1acf01c4c367) Importer(815301076,1909f56bfc062723c751e8b465ee728b)
Start importing Assets/Prefabs/B.prefab using Guid(cb392e147457b4f4fa2c1acf01c4c367) Importer(815301076,1909f56bfc062723c751e8b465ee728b)  -> (artifact id: '3d9c13f5687455879744d22f26fa8061') in 0.011614 seconds 
  Import took 0.014599 seconds .

========================================================================
Received Import Request.
  Time since last request: 0.000195 seconds.
  path: Assets/Prefabs/L.prefab
  artifactKey: Guid(6405cc949b9ad474583be1bd943fde73) Importer(815301076,1909f56bfc062723c751e8b465ee728b)
Start importing Assets/Prefabs/L.prefab using Guid(6405cc949b9ad474583be1bd943fde73) Importer(815301076,1909f56bfc062723c751e8b465ee728b)  -> (artifact id: 'da296b3a7023794be22076ddbab24084') in 0.008859 seconds 
  Import took 0.012030 seconds .

========================================================================
Received Import Request.
  Time since last request: 7.307206 seconds.
  path: Assets/Audio
  artifactKey: Guid(1405ada4e1ad3d144bed0d427f2dfbca) Importer(815301076,1909f56bfc062723c751e8b465ee728b)
Start importing Assets/Audio using Guid(1405ada4e1ad3d144bed0d427f2dfbca) Importer(815301076,1909f56bfc062723c751e8b465ee728b)  -> (artifact id: 'eeac191527748642c92b6d3a99d66c75') in 0.007695 seconds 
  Import took 0.011679 seconds .

========================================================================
Received Import Request.
  Time since last request: 0.001172 seconds.
  path: Assets/Audio
  artifactKey: Guid(1405ada4e1ad3d144bed0d427f2dfbca) Importer(815301076,1909f56bfc062723c751e8b465ee728b)
Start importing Assets/Audio using Guid(1405ada4e1ad3d144bed0d427f2dfbca) Importer(815301076,1909f56bfc062723c751e8b465ee728b)  -> (artifact id: 'eeac191527748642c92b6d3a99d66c75') in 0.004092 seconds 
  Import took 0.007604 seconds .

========================================================================
Received Import Request.
  Time since last request: 148.956548 seconds.
  path: Assets/Audio/538721__eliot-beats__laser-shot.mp3
  artifactKey: Guid(4d59bd5182535374f81709c4f3b457e3) Importer(815301076,1909f56bfc062723c751e8b465ee728b)
Start importing Assets/Audio/538721__eliot-beats__laser-shot.mp3 using Guid(4d59bd5182535374f81709c4f3b457e3) Importer(815301076,1909f56bfc062723c751e8b465ee728b)  -> (artifact id: 'acae2c9b0db331b338937366fd844ff2') in 0.025178 seconds 
  Import took 0.029491 seconds .

========================================================================
Received Import Request.
  Time since last request: 0.000345 seconds.
  path: Assets/Audio/turret_place.mp3
  artifactKey: Guid(6ba9a7a16a29e4e46aab21aa4a05edba) Importer(815301076,1909f56bfc062723c751e8b465ee728b)
Start importing Assets/Audio/turret_place.mp3 using Guid(6ba9a7a16a29e4e46aab21aa4a05edba) Importer(815301076,1909f56bfc062723c751e8b465ee728b)  -> (artifact id: '5f48d6fdb37a253f314061cc7a6bd3d5') in 0.017268 seconds 
  Import took 0.021817 seconds .

========================================================================
Received Import Request.
  Time since last request: 0.000451 seconds.
  path: Assets/Audio/538721__eliot-beats__laser-shot.mp3
  artifactKey: Guid(4d59bd5182535374f81709c4f3b457e3) Importer(815301076,1909f56bfc062723c751e8b465ee728b)
Start importing Assets/Audio/538721__eliot-beats__laser-shot.mp3 using Guid(4d59bd5182535374f81709c4f3b457e3) Importer(815301076,1909f56bfc062723c751e8b465ee728b)  -> (artifact id: 'acae2c9b0db331b338937366fd844ff2') in 0.010909 seconds 
  Import took 0.015067 seconds .

========================================================================
Received Import Request.
  Time since last request: 71.581751 seconds.
  path: Assets/TextMesh Pro
  artifactKey: Guid(f54d1bd14bd3ca042bd867b519fee8cc) Importer(815301076,1909f56bfc062723c751e8b465ee728b)
Start importing Assets/TextMesh Pro using Guid(f54d1bd14bd3ca042bd867b519fee8cc) Importer(815301076,1909f56bfc062723c751e8b465ee728b)  -> (artifact id: '6170b652e791f28e2dae01803c8e71bf') in 0.010677 seconds 
  Import took 0.014659 seconds .

========================================================================
Received Import Request.
  Time since last request: 0.919825 seconds.
  path: Assets/Sprites
  artifactKey: Guid(ddfe454bb3a57f04c98a6ffd811b05f6) Importer(815301076,1909f56bfc062723c751e8b465ee728b)
Start importing Assets/Sprites using Guid(ddfe454bb3a57f04c98a6ffd811b05f6) Importer(815301076,1909f56bfc062723c751e8b465ee728b)  -> (artifact id: 'e3e0cefe8a2ec0a7c3ccbd4567163b1a') in 0.009215 seconds 
  Import took 0.012290 seconds .

========================================================================
Received Import Request.
  Time since last request: 2.250890 seconds.
  path: Assets/Scenes
  artifactKey: Guid(eff18b2f08c8aaf4491687671788de7b) Importer(815301076,1909f56bfc062723c751e8b465ee728b)
Start importing Assets/Scenes using Guid(eff18b2f08c8aaf4491687671788de7b) Importer(815301076,1909f56bfc062723c751e8b465ee728b)  -> (artifact id: 'f8d05e792e9c4ff4a6d2bf10919925b4') in 0.009938 seconds 
  Import took 0.013854 seconds .

========================================================================
Received Import Request.
  Time since last request: 11.344738 seconds.
  path: Assets/Turrets
  artifactKey: Guid(1c14bf8dde10e6849ba39b8db0f3dbaa) Importer(815301076,1909f56bfc062723c751e8b465ee728b)
Start importing Assets/Turrets using Guid(1c14bf8dde10e6849ba39b8db0f3dbaa) Importer(815301076,1909f56bfc062723c751e8b465ee728b)  -> (artifact id: 'fc40c9c38005a410466059f27eb9faf3') in 0.008032 seconds 
  Import took 0.011137 seconds .

AssetImportWorkerClient::OnTransportError - code=2 error=End of file
