Using pre-set license
Built from '2020.3/staging' branch; Version is '2020.3.18f1 (a7d1c678663c) revision 10998214'; Using compiler version '192528614'; Build Type 'Release'
OS: 'Windows 10 Education; OS build 19042.928; Version 2009; 64bit' Language: 'sv' Physical Memory: 16064 MB
BatchMode: 1, IsHumanControllingUs: 0, StartBugReporterOnCrash: 0, Is64bit: 1, IsPro: 0

COMMAND LINE ARGUMENTS:
C:\Program Files\Unity\Hub\Editor\2020.3.18f1\Editor\Unity.exe
-adb2
-batchMode
-noUpm
-name
AssetImportWorker2
-projectPath
C:/Users/zakk.norman/Documents/Turrethel/Spelprojekt_TURRET-H
-logFile
Logs/AssetImportWorker2.log
-srvPort
63778
Successfully changed project path to: C:/Users/zakk.norman/Documents/Turrethel/Spelprojekt_TURRET-H
C:/Users/zakk.norman/Documents/Turrethel/Spelprojekt_TURRET-H
Using Asset Import Pipeline V2.
Refreshing native plugins compatible for Editor in 211.76 ms, found 3 plugins.
Preloading 0 native plugins for Editor in 0.00 ms.
Initialize engine version: 2020.3.18f1 (a7d1c678663c)
[Subsystems] Discovering subsystems at path C:/Program Files/Unity/Hub/Editor/2020.3.18f1/Editor/Data/Resources/UnitySubsystems
[Subsystems] Discovering subsystems at path C:/Users/zakk.norman/Documents/Turrethel/Spelprojekt_TURRET-H/Assets
GfxDevice: creating device client; threaded=0
Direct3D:
    Version:  Direct3D 11.0 [level 11.1]
    Renderer: NVIDIA GeForce MX450 (ID=0x1f97)
    Vendor:   
    VRAM:     1928 MB
    Driver:   27.21.14.5269
Initialize mono
Mono path[0] = 'C:/Program Files/Unity/Hub/Editor/2020.3.18f1/Editor/Data/Managed'
Mono path[1] = 'C:/Program Files/Unity/Hub/Editor/2020.3.18f1/Editor/Data/MonoBleedingEdge/lib/mono/unityjit'
Mono config path = 'C:/Program Files/Unity/Hub/Editor/2020.3.18f1/Editor/Data/MonoBleedingEdge/etc'
Using monoOptions --debugger-agent=transport=dt_socket,embedding=1,server=y,suspend=n,address=127.0.0.1:56688
Begin MonoManager ReloadAssembly
Registering precompiled unity dll's ...
Register platform support module: C:/Program Files/Unity/Hub/Editor/2020.3.18f1/Editor/Data/PlaybackEngines/WindowsStandaloneSupport/UnityEditor.WindowsStandalone.Extensions.dll
Registered in 0.004580 seconds.
Native extension for WindowsStandalone target not found
Refreshing native plugins compatible for Editor in 173.87 ms, found 3 plugins.
Preloading 0 native plugins for Editor in 0.00 ms.
Mono: successfully reloaded assembly
- Completed reload, in  3.818 seconds
Domain Reload Profiling:
	ReloadAssembly (3819ms)
		BeginReloadAssembly (188ms)
			ExecutionOrderSort (0ms)
			DisableScriptedObjects (0ms)
			BackupInstance (0ms)
			ReleaseScriptingObjects (0ms)
			CreateAndSetChildDomain (3ms)
		EndReloadAssembly (1558ms)
			LoadAssemblies (183ms)
			RebuildTransferFunctionScriptingTraits (0ms)
			SetupTypeCache (540ms)
			ReleaseScriptCaches (0ms)
			RebuildScriptCaches (114ms)
			SetupLoadedEditorAssemblies (665ms)
				LogAssemblyErrors (0ms)
				InitializePlatformSupportModulesInManaged (16ms)
				SetLoadedEditorAssemblies (1ms)
				RefreshPlugins (174ms)
				BeforeProcessingInitializeOnLoad (60ms)
				ProcessInitializeOnLoadAttributes (315ms)
				ProcessInitializeOnLoadMethodAttributes (99ms)
				AfterProcessingInitializeOnLoad (0ms)
				EditorAssembliesLoaded (1ms)
			ExecutionOrderSort2 (0ms)
			AwakeInstancesAfterBackupRestoration (0ms)
Platform modules already initialized, skipping
Registering precompiled user dll's ...
Registered in 0.008229 seconds.
Begin MonoManager ReloadAssembly
Native extension for WindowsStandalone target not found
Refreshing native plugins compatible for Editor in 168.02 ms, found 3 plugins.
Preloading 0 native plugins for Editor in 0.00 ms.
Mono: successfully reloaded assembly
- Completed reload, in 13.022 seconds
Domain Reload Profiling:
	ReloadAssembly (13025ms)
		BeginReloadAssembly (539ms)
			ExecutionOrderSort (0ms)
			DisableScriptedObjects (19ms)
			BackupInstance (0ms)
			ReleaseScriptingObjects (0ms)
			CreateAndSetChildDomain (60ms)
		EndReloadAssembly (12249ms)
			LoadAssemblies (7465ms)
			RebuildTransferFunctionScriptingTraits (0ms)
			SetupTypeCache (2781ms)
			ReleaseScriptCaches (1ms)
			RebuildScriptCaches (178ms)
			SetupLoadedEditorAssemblies (1363ms)
				LogAssemblyErrors (0ms)
				InitializePlatformSupportModulesInManaged (16ms)
				SetLoadedEditorAssemblies (1ms)
				RefreshPlugins (168ms)
				BeforeProcessingInitializeOnLoad (292ms)
				ProcessInitializeOnLoadAttributes (821ms)
				ProcessInitializeOnLoadMethodAttributes (50ms)
				AfterProcessingInitializeOnLoad (15ms)
				EditorAssembliesLoaded (1ms)
			ExecutionOrderSort2 (0ms)
			AwakeInstancesAfterBackupRestoration (24ms)
Platform modules already initialized, skipping
========================================================================
Worker process is ready to serve import requests
Launched and connected shader compiler UnityShaderCompiler.exe after 0.16 seconds
Refreshing native plugins compatible for Editor in 1.19 ms, found 3 plugins.
Preloading 0 native plugins for Editor in 0.00 ms.
Unloading 2126 Unused Serialized files (Serialized files now loaded: 0)
System memory in use before: 95.9 MB.
System memory in use after: 96.0 MB.

Unloading 26 unused Assets to reduce memory usage. Loaded Objects now: 2567.
Total: 9.039600 ms (FindLiveObjects: 0.392400 ms CreateObjectMapping: 0.170700 ms MarkObjects: 8.217700 ms  DeleteObjects: 0.254800 ms)

AssetImportParameters requested are different than current active one (requested -> active):
  custom:framework-win-MediaFoundation: 216162199b28c13a410421893ffa2e32 -> 
  custom:video-decoder-ogg-theora: a1e56fd34408186e4bbccfd4996cb3dc -> 
  custom:container-muxer-webm: aa71ff27fc2769a1b78a27578f13a17b -> 
  custom:container-demuxer-webm: 4f35f7cbe854078d1ac9338744f61a02 -> 
  custom:container-demuxer-ogg: 62fdf1f143b41e24485cea50d1cbac27 -> 
  custom:video-encoder-webm-vp8: eb34c28f22e8b96e1ab97ce403110664 -> 
  custom:video-decoder-webm-vp8: 9c59270c3fd7afecdb556c50c9e8de78 -> 
  custom:audio-decoder-ogg-vorbis: bf7c407c2cedff20999df2af8eb42d56 -> 
  custom:audio-encoder-webm-vorbis: bf7c407c2cedff20999df2af8eb42d56 -> 
========================================================================
Received Import Request.
  path: Assets/Scenes/New Scene.unity
  artifactKey: Guid(7e941b151905b1d46b3a16afb1fe70ff) Importer(815301076,1909f56bfc062723c751e8b465ee728b)
Start importing Assets/Scenes/New Scene.unity using Guid(7e941b151905b1d46b3a16afb1fe70ff) Importer(815301076,1909f56bfc062723c751e8b465ee728b)  -> (artifact id: 'a13f363f61551266cf40618e8b21f10f') in 0.061773 seconds 
  Import took 0.075902 seconds .

========================================================================
Received Import Request.
  Time since last request: 0.001195 seconds.
  path: Assets/Sprites/Turret/steampunk_base-1.png.png
  artifactKey: Guid(0c5e6103616685e41b9b9cc442457850) Importer(815301076,1909f56bfc062723c751e8b465ee728b)
Start importing Assets/Sprites/Turret/steampunk_base-1.png.png using Guid(0c5e6103616685e41b9b9cc442457850) Importer(815301076,1909f56bfc062723c751e8b465ee728b)  -> (artifact id: '862c975a52d4865d06f95e0b03154556') in 0.463712 seconds 
  Import took 0.477109 seconds .

========================================================================
Received Import Request.
  Time since last request: 0.000946 seconds.
  path: Assets/Prefabs/Entry Room.prefab
  artifactKey: Guid(0c8ba52a28a082b4b9a100156aa93ba6) Importer(815301076,1909f56bfc062723c751e8b465ee728b)
Start importing Assets/Prefabs/Entry Room.prefab using Guid(0c8ba52a28a082b4b9a100156aa93ba6) Importer(815301076,1909f56bfc062723c751e8b465ee728b)  -> (artifact id: 'dec6d6433948b1cb0eb474f8f42aec7b') in 0.177780 seconds 
  Import took 0.194402 seconds .

========================================================================
Received Import Request.
  Time since last request: 0.000576 seconds.
  path: Assets/Sprites/Turret/steampunk_base-1.png_1.png
  artifactKey: Guid(dabbd1133af92c348aea3f9ea4f64574) Importer(815301076,1909f56bfc062723c751e8b465ee728b)
Start importing Assets/Sprites/Turret/steampunk_base-1.png_1.png using Guid(dabbd1133af92c348aea3f9ea4f64574) Importer(815301076,1909f56bfc062723c751e8b465ee728b)  -> (artifact id: '2c857f1354d4ebffbf786bf52269e605') in 0.048899 seconds 
  Import took 0.063132 seconds .

========================================================================
Received Import Request.
  Time since last request: 0.000846 seconds.
  path: Assets/Sprites/Turret/New_Piskel-1.png.png
  artifactKey: Guid(9a4110aa96acafc4a95cc17e928c642d) Importer(815301076,1909f56bfc062723c751e8b465ee728b)
Start importing Assets/Sprites/Turret/New_Piskel-1.png.png using Guid(9a4110aa96acafc4a95cc17e928c642d) Importer(815301076,1909f56bfc062723c751e8b465ee728b)  -> (artifact id: '218e85360f48f3eb26b05ed86698860b') in 0.064166 seconds 
  Import took 0.076905 seconds .

========================================================================
Received Import Request.
  Time since last request: 0.000658 seconds.
  path: Assets/Prefabs/Projectile.prefab
  artifactKey: Guid(6684ffc3b7172024e8b8efc090eb051e) Importer(815301076,1909f56bfc062723c751e8b465ee728b)
Start importing Assets/Prefabs/Projectile.prefab using Guid(6684ffc3b7172024e8b8efc090eb051e) Importer(815301076,1909f56bfc062723c751e8b465ee728b)  -> (artifact id: '486e50904569a4536f93bd49f6990d26') in 0.076875 seconds 
  Import took 0.092092 seconds .

========================================================================
Received Import Request.
  Time since last request: 0.000615 seconds.
  path: Assets/Prefabs/R.prefab
  artifactKey: Guid(cc432f6fb6eca6e44a37ef578b7e7253) Importer(815301076,1909f56bfc062723c751e8b465ee728b)
Start importing Assets/Prefabs/R.prefab using Guid(cc432f6fb6eca6e44a37ef578b7e7253) Importer(815301076,1909f56bfc062723c751e8b465ee728b)  -> (artifact id: 'cafcaa146e86333cdc13b7b435a593d8') in 0.055979 seconds 
  Import took 0.070896 seconds .

========================================================================
Received Import Request.
  Time since last request: 0.000594 seconds.
  path: Assets/Prefabs/T.prefab
  artifactKey: Guid(60f409ce4d0ac5949adb3976ec2518e3) Importer(815301076,1909f56bfc062723c751e8b465ee728b)
Start importing Assets/Prefabs/T.prefab using Guid(60f409ce4d0ac5949adb3976ec2518e3) Importer(815301076,1909f56bfc062723c751e8b465ee728b)  -> (artifact id: '9ae508f66ba69cadc8c7f3eda832875b') in 0.055151 seconds 
  Import took 0.070589 seconds .

========================================================================
Received Import Request.
  Time since last request: 0.000854 seconds.
  path: Assets/Prefabs/B.prefab
  artifactKey: Guid(cb392e147457b4f4fa2c1acf01c4c367) Importer(815301076,1909f56bfc062723c751e8b465ee728b)
Start importing Assets/Prefabs/B.prefab using Guid(cb392e147457b4f4fa2c1acf01c4c367) Importer(815301076,1909f56bfc062723c751e8b465ee728b)  -> (artifact id: '16a101ca6d49d6973eac55476092c1d2') in 0.059829 seconds 
  Import took 0.075618 seconds .

========================================================================
Received Import Request.
  Time since last request: 0.000643 seconds.
  path: Assets/Prefabs/L.prefab
  artifactKey: Guid(6405cc949b9ad474583be1bd943fde73) Importer(815301076,1909f56bfc062723c751e8b465ee728b)
Start importing Assets/Prefabs/L.prefab using Guid(6405cc949b9ad474583be1bd943fde73) Importer(815301076,1909f56bfc062723c751e8b465ee728b)  -> (artifact id: 'e4d5ccc826ed7ae7b46cec51ec81b22e') in 0.051742 seconds 
  Import took 0.067442 seconds .

========================================================================
Received Import Request.
  Time since last request: 299.623363 seconds.
  path: Assets/Sprites/Tileset
  artifactKey: Guid(fbe494030f1925c4ca723003f64db4b9) Importer(815301076,1909f56bfc062723c751e8b465ee728b)
Start importing Assets/Sprites/Tileset using Guid(fbe494030f1925c4ca723003f64db4b9) Importer(815301076,1909f56bfc062723c751e8b465ee728b)  -> (artifact id: 'aaaa90874ce44ebb2e11d6f730f92c97') in 0.022470 seconds 
  Import took 0.039391 seconds .

========================================================================
Received Import Request.
  Time since last request: 268.339364 seconds.
  path: Assets/Sprites/Tileset/floor_tile_turret_hell-1.png.png
  artifactKey: Guid(7cdbb5d87f7b0dc43b25ba5dac99d3c8) Importer(815301076,1909f56bfc062723c751e8b465ee728b)
Start importing Assets/Sprites/Tileset/floor_tile_turret_hell-1.png.png using Guid(7cdbb5d87f7b0dc43b25ba5dac99d3c8) Importer(815301076,1909f56bfc062723c751e8b465ee728b)  -> (artifact id: '0ae378e9954d678ee70084cfe2cbbf67') in 0.055653 seconds 
  Import took 0.067577 seconds .

========================================================================
Received Import Request.
  Time since last request: 0.003225 seconds.
  path: Assets/Sprites/Tileset/floor_tile_turret_hell-1.png.png
  artifactKey: Guid(7cdbb5d87f7b0dc43b25ba5dac99d3c8) Importer(815301076,1909f56bfc062723c751e8b465ee728b)
Start importing Assets/Sprites/Tileset/floor_tile_turret_hell-1.png.png using Guid(7cdbb5d87f7b0dc43b25ba5dac99d3c8) Importer(815301076,1909f56bfc062723c751e8b465ee728b)  -> (artifact id: '0ae378e9954d678ee70084cfe2cbbf67') in 0.029101 seconds 
  Import took 0.041866 seconds .

========================================================================
Received Import Request.
  Time since last request: 193.527269 seconds.
  path: Assets/Sprites/Tileset/floor_tile_turret_hell-2.png.png
  artifactKey: Guid(906baa30a86e4d8439ec7724fa608a67) Importer(815301076,1909f56bfc062723c751e8b465ee728b)
Start importing Assets/Sprites/Tileset/floor_tile_turret_hell-2.png.png using Guid(906baa30a86e4d8439ec7724fa608a67) Importer(815301076,1909f56bfc062723c751e8b465ee728b)  -> (artifact id: '81d8e83949727aa8668e942d833866aa') in 0.054303 seconds 
  Import took 0.065583 seconds .

========================================================================
Received Import Request.
  Time since last request: 0.001961 seconds.
  path: Assets/Sprites/Tileset/floor_tile_turret_hell-2.png.png
  artifactKey: Guid(906baa30a86e4d8439ec7724fa608a67) Importer(815301076,1909f56bfc062723c751e8b465ee728b)
Start importing Assets/Sprites/Tileset/floor_tile_turret_hell-2.png.png using Guid(906baa30a86e4d8439ec7724fa608a67) Importer(815301076,1909f56bfc062723c751e8b465ee728b)  -> (artifact id: '81d8e83949727aa8668e942d833866aa') in 0.033089 seconds 
  Import took 0.044376 seconds .

========================================================================
Received Import Request.
  Time since last request: 6.588646 seconds.
  path: Assets/Sprites/Tileset/floor_tile_turret_hell-3.png.png
  artifactKey: Guid(7b53e215970175d4dab201cd3a6ddf42) Importer(815301076,1909f56bfc062723c751e8b465ee728b)
Start importing Assets/Sprites/Tileset/floor_tile_turret_hell-3.png.png using Guid(7b53e215970175d4dab201cd3a6ddf42) Importer(815301076,1909f56bfc062723c751e8b465ee728b)  -> (artifact id: '8cadfe96d6ff93e535a80d123b26d9e8') in 0.052774 seconds 
  Import took 0.066005 seconds .

========================================================================
Received Import Request.
  Time since last request: 9.404172 seconds.
  path: Assets/Sprites/Tileset/floor_tile_turret_hell-4.png.png
  artifactKey: Guid(e4a0b087c50842d4cb481b1c1fddd325) Importer(815301076,1909f56bfc062723c751e8b465ee728b)
Start importing Assets/Sprites/Tileset/floor_tile_turret_hell-4.png.png using Guid(e4a0b087c50842d4cb481b1c1fddd325) Importer(815301076,1909f56bfc062723c751e8b465ee728b)  -> (artifact id: 'd39051df4300cf3dad8e596b734218df') in 0.052652 seconds 
  Import took 0.066991 seconds .

========================================================================
Received Import Request.
  Time since last request: 0.003990 seconds.
  path: Assets/Sprites/Tileset/floor_tile_turret_hell-4.png.png
  artifactKey: Guid(e4a0b087c50842d4cb481b1c1fddd325) Importer(815301076,1909f56bfc062723c751e8b465ee728b)
Start importing Assets/Sprites/Tileset/floor_tile_turret_hell-4.png.png using Guid(e4a0b087c50842d4cb481b1c1fddd325) Importer(815301076,1909f56bfc062723c751e8b465ee728b)  -> (artifact id: 'd39051df4300cf3dad8e596b734218df') in 0.031952 seconds 
  Import took 0.042101 seconds .

========================================================================
Received Import Request.
  Time since last request: 6.501024 seconds.
  path: Assets/Sprites/Tileset/floor_tile_turret_hell-5.png.png
  artifactKey: Guid(2abf894e766f07242a8c5ca8bf570858) Importer(815301076,1909f56bfc062723c751e8b465ee728b)
Start importing Assets/Sprites/Tileset/floor_tile_turret_hell-5.png.png using Guid(2abf894e766f07242a8c5ca8bf570858) Importer(815301076,1909f56bfc062723c751e8b465ee728b)  -> (artifact id: '2fe5c8b3845755f52950872c0c02edde') in 0.081049 seconds 
  Import took 0.094722 seconds .

========================================================================
Received Import Request.
  Time since last request: 10.871794 seconds.
  path: Assets/Sprites/Tileset/floor_tile_turret_hell-6.png.png
  artifactKey: Guid(02479eef799d6744b8d02dfcdfbffbf4) Importer(815301076,1909f56bfc062723c751e8b465ee728b)
Start importing Assets/Sprites/Tileset/floor_tile_turret_hell-6.png.png using Guid(02479eef799d6744b8d02dfcdfbffbf4) Importer(815301076,1909f56bfc062723c751e8b465ee728b)  -> (artifact id: '4babc53d23b716d8dd583fe58cb66e2e') in 0.356591 seconds 
  Import took 0.368230 seconds .

========================================================================
Received Import Request.
  Time since last request: 64.376616 seconds.
  path: Assets/Sprites/Tileset/Floor.prefab
  artifactKey: Guid(b41909fb93cdd0543b609cb7544e226f) Importer(815301076,1909f56bfc062723c751e8b465ee728b)
Start importing Assets/Sprites/Tileset/Floor.prefab using Guid(b41909fb93cdd0543b609cb7544e226f) Importer(815301076,1909f56bfc062723c751e8b465ee728b)  -> (artifact id: 'fad9bf0d0246e9f8b80aa301eaa25cdc') in 0.066295 seconds 
  Import took 0.079563 seconds .

========================================================================
Received Import Request.
  Time since last request: 9.515614 seconds.
  path: Assets/Sprites/Tileset/Floor.prefab
  artifactKey: Guid(b41909fb93cdd0543b609cb7544e226f) Importer(815301076,1909f56bfc062723c751e8b465ee728b)
Start importing Assets/Sprites/Tileset/Floor.prefab using Guid(b41909fb93cdd0543b609cb7544e226f) Importer(815301076,1909f56bfc062723c751e8b465ee728b)  -> (artifact id: '6e3ae3097f964b28ffb07050330a97eb') in 0.030016 seconds 
  Import took 0.039633 seconds .

========================================================================
Received Import Request.
  Time since last request: 31.356294 seconds.
  path: Assets/Sprites/Tileset/Floor.prefab
  artifactKey: Guid(b41909fb93cdd0543b609cb7544e226f) Importer(815301076,1909f56bfc062723c751e8b465ee728b)
Start importing Assets/Sprites/Tileset/Floor.prefab using Guid(b41909fb93cdd0543b609cb7544e226f) Importer(815301076,1909f56bfc062723c751e8b465ee728b)  -> (artifact id: 'de796dc3c5ed3bfa685e6a5f24e8e256') in 0.204756 seconds 
  Import took 0.216908 seconds .

========================================================================
Received Import Request.
  Time since last request: 17.965220 seconds.
  path: Assets/Sprites/Tileset/Floor.prefab
  artifactKey: Guid(b41909fb93cdd0543b609cb7544e226f) Importer(815301076,1909f56bfc062723c751e8b465ee728b)
Start importing Assets/Sprites/Tileset/Floor.prefab using Guid(b41909fb93cdd0543b609cb7544e226f) Importer(815301076,1909f56bfc062723c751e8b465ee728b)  -> (artifact id: '3cb0c91b7206b65942bc59d3cc5f1bb8') in 0.188377 seconds 
  Import took 0.203654 seconds .

========================================================================
Received Import Request.
  Time since last request: 13.213724 seconds.
  path: Assets/Sprites/Tileset/Floor.prefab
  artifactKey: Guid(b41909fb93cdd0543b609cb7544e226f) Importer(815301076,1909f56bfc062723c751e8b465ee728b)
Start importing Assets/Sprites/Tileset/Floor.prefab using Guid(b41909fb93cdd0543b609cb7544e226f) Importer(815301076,1909f56bfc062723c751e8b465ee728b)  -> (artifact id: 'd250b80505859ddf651862372ea085e7') in 0.201813 seconds 
  Import took 0.215564 seconds .

========================================================================
Received Import Request.
  Time since last request: 23.190903 seconds.
  path: Assets/Sprites/Tileset/Floor.prefab
  artifactKey: Guid(b41909fb93cdd0543b609cb7544e226f) Importer(815301076,1909f56bfc062723c751e8b465ee728b)
Start importing Assets/Sprites/Tileset/Floor.prefab using Guid(b41909fb93cdd0543b609cb7544e226f) Importer(815301076,1909f56bfc062723c751e8b465ee728b)  -> (artifact id: '89f9138c405504627a225b6061667ae4') in 0.026559 seconds 
  Import took 0.040503 seconds .

========================================================================
Received Import Request.
  Time since last request: 42.111205 seconds.
  path: Assets/Sprites/Tileset/floor_tile_turret_hell-1.png.png
  artifactKey: Guid(16dbd257a67436a4cacf5157a1d05d2a) Importer(815301076,1909f56bfc062723c751e8b465ee728b)
Start importing Assets/Sprites/Tileset/floor_tile_turret_hell-1.png.png using Guid(16dbd257a67436a4cacf5157a1d05d2a) Importer(815301076,1909f56bfc062723c751e8b465ee728b)  -> (artifact id: '63427e80c1199c5e0841eddc303135eb') in 0.052299 seconds 
  Import took 0.063201 seconds .

========================================================================
Received Import Request.
  Time since last request: 16.860005 seconds.
  path: Assets/Sprites/Tileset/Floor.prefab
  artifactKey: Guid(b41909fb93cdd0543b609cb7544e226f) Importer(815301076,1909f56bfc062723c751e8b465ee728b)
Start importing Assets/Sprites/Tileset/Floor.prefab using Guid(b41909fb93cdd0543b609cb7544e226f) Importer(815301076,1909f56bfc062723c751e8b465ee728b)  -> (artifact id: 'de445b82c3ca497474a6993e72de3d8f') in 0.056576 seconds 
  Import took 0.068292 seconds .

========================================================================
Received Import Request.
  Time since last request: 19.479519 seconds.
  path: Assets/Sprites/Tileset/Floor.prefab
  artifactKey: Guid(b41909fb93cdd0543b609cb7544e226f) Importer(815301076,1909f56bfc062723c751e8b465ee728b)
Start importing Assets/Sprites/Tileset/Floor.prefab using Guid(b41909fb93cdd0543b609cb7544e226f) Importer(815301076,1909f56bfc062723c751e8b465ee728b)  -> (artifact id: '2e35ce62d796a3a02c86df0653b5a68b') in 0.219079 seconds 
  Import took 0.233580 seconds .

========================================================================
Received Import Request.
  Time since last request: 13.233770 seconds.
  path: Assets/Sprites/Tileset/Floor.prefab
  artifactKey: Guid(b41909fb93cdd0543b609cb7544e226f) Importer(815301076,1909f56bfc062723c751e8b465ee728b)
Start importing Assets/Sprites/Tileset/Floor.prefab using Guid(b41909fb93cdd0543b609cb7544e226f) Importer(815301076,1909f56bfc062723c751e8b465ee728b)  -> (artifact id: 'e1ad51954b6da7824cbf4d3e20a60a3e') in 0.060350 seconds 
  Import took 0.072211 seconds .

========================================================================
Received Import Request.
  Time since last request: 0.000587 seconds.
  path: Assets/Sprites/Tileset/floor_tile_turret_hell-2.png.asset
  artifactKey: Guid(54951d5ceb4fad148af0b119d4d65cdc) Importer(815301076,1909f56bfc062723c751e8b465ee728b)
Start importing Assets/Sprites/Tileset/floor_tile_turret_hell-2.png.asset using Guid(54951d5ceb4fad148af0b119d4d65cdc) Importer(815301076,1909f56bfc062723c751e8b465ee728b)  -> (artifact id: '797248f6d185c2db8e14fa82684ad2a9') in 0.055926 seconds 
  Import took 0.066390 seconds .

========================================================================
Received Import Request.
  Time since last request: 0.000524 seconds.
  path: Assets/Sprites/Tileset/floor_tile_turret_hell-1.png.asset
  artifactKey: Guid(8a0da17866b81464c9d0dcabc26969bc) Importer(815301076,1909f56bfc062723c751e8b465ee728b)
Start importing Assets/Sprites/Tileset/floor_tile_turret_hell-1.png.asset using Guid(8a0da17866b81464c9d0dcabc26969bc) Importer(815301076,1909f56bfc062723c751e8b465ee728b)  -> (artifact id: 'daef8bb562f9a086f85b7abf6e4d59ee') in 0.034487 seconds 
  Import took 0.045038 seconds .

========================================================================
Received Import Request.
  Time since last request: 0.000677 seconds.
  path: Assets/Sprites/Tileset/floor_tile_turret_hell-4.png.asset
  artifactKey: Guid(54cae2331c88b994fbe90a1f5c9a1428) Importer(815301076,1909f56bfc062723c751e8b465ee728b)
Start importing Assets/Sprites/Tileset/floor_tile_turret_hell-4.png.asset using Guid(54cae2331c88b994fbe90a1f5c9a1428) Importer(815301076,1909f56bfc062723c751e8b465ee728b)  -> (artifact id: '0e2e5673c2e61fba9bdfd7cb3882abe7') in 0.033424 seconds 
  Import took 0.045274 seconds .

========================================================================
Received Import Request.
  Time since last request: 0.000604 seconds.
  path: Assets/Sprites/Tileset/floor_tile_turret_hell-5.png.asset
  artifactKey: Guid(50d169435c6a332448cff68c6eb383da) Importer(815301076,1909f56bfc062723c751e8b465ee728b)
Start importing Assets/Sprites/Tileset/floor_tile_turret_hell-5.png.asset using Guid(50d169435c6a332448cff68c6eb383da) Importer(815301076,1909f56bfc062723c751e8b465ee728b)  -> (artifact id: '2d8195b30c76559bbebed2cfddc376c7') in 0.035196 seconds 
  Import took 0.046444 seconds .

========================================================================
Received Import Request.
  Time since last request: 0.000571 seconds.
  path: Assets/Sprites/Tileset/floor_tile_turret_hell-6.png.asset
  artifactKey: Guid(eb28f2a9feae1bf4ba1259be3d160ca4) Importer(815301076,1909f56bfc062723c751e8b465ee728b)
Start importing Assets/Sprites/Tileset/floor_tile_turret_hell-6.png.asset using Guid(eb28f2a9feae1bf4ba1259be3d160ca4) Importer(815301076,1909f56bfc062723c751e8b465ee728b)  -> (artifact id: 'b38e9e9f35605b38052ff65b807b699e') in 0.032767 seconds 
  Import took 0.043957 seconds .

========================================================================
Received Import Request.
  Time since last request: 0.000420 seconds.
  path: Assets/Sprites/Tileset/floor_tile_turret_hell-3.png.asset
  artifactKey: Guid(89b60dd285cbebe42a05f99a5a490395) Importer(815301076,1909f56bfc062723c751e8b465ee728b)
Start importing Assets/Sprites/Tileset/floor_tile_turret_hell-3.png.asset using Guid(89b60dd285cbebe42a05f99a5a490395) Importer(815301076,1909f56bfc062723c751e8b465ee728b)  -> (artifact id: '6babb71760152978004c8b1f264031d5') in 0.032308 seconds 
  Import took 0.042966 seconds .

